[26-Nov-2019 14:51:52 Asia/Tokyo] POSTされた！
[26-Nov-2019 14:53:16 Asia/Tokyo] POSTされた！
[26-Nov-2019 14:53:16 Asia/Tokyo] PHP Notice:  Undefined offset: 20 in /Applications/MAMP/htdocs/kurorekishi/index.php on line 21
[26-Nov-2019 14:53:47 Asia/Tokyo] POSTされた！
[26-Nov-2019 14:53:47 Asia/Tokyo] PHP Notice:  Undefined offset: 18 in /Applications/MAMP/htdocs/kurorekishi/index.php on line 21
[26-Nov-2019 14:54:10 Asia/Tokyo] POSTされた！
[26-Nov-2019 14:54:28 Asia/Tokyo] POSTされた！
[26-Nov-2019 14:55:04 Asia/Tokyo] POSTされた！
[26-Nov-2019 14:55:04 Asia/Tokyo] PHP Notice:  Undefined offset: 12 in /Applications/MAMP/htdocs/kurorekishi/index.php on line 21
[26-Nov-2019 14:55:06 Asia/Tokyo] POSTされた！
[26-Nov-2019 14:55:06 Asia/Tokyo] PHP Notice:  Undefined offset: 18 in /Applications/MAMP/htdocs/kurorekishi/index.php on line 21
[26-Nov-2019 14:55:08 Asia/Tokyo] POSTされた！
[26-Nov-2019 14:55:08 Asia/Tokyo] PHP Notice:  Undefined offset: 6 in /Applications/MAMP/htdocs/kurorekishi/index.php on line 21
[26-Nov-2019 14:55:09 Asia/Tokyo] POSTされた！
[26-Nov-2019 14:55:09 Asia/Tokyo] PHP Notice:  Undefined offset: 7 in /Applications/MAMP/htdocs/kurorekishi/index.php on line 21
[26-Nov-2019 14:55:16 Asia/Tokyo] POSTされた！
[26-Nov-2019 14:55:16 Asia/Tokyo] PHP Notice:  Undefined offset: 14 in /Applications/MAMP/htdocs/kurorekishi/index.php on line 21
[26-Nov-2019 14:55:23 Asia/Tokyo] POSTされた！
[26-Nov-2019 14:55:23 Asia/Tokyo] PHP Notice:  Undefined offset: 1 in /Applications/MAMP/htdocs/kurorekishi/index.php on line 21
[26-Nov-2019 14:55:29 Asia/Tokyo] POSTされた！
[26-Nov-2019 14:55:29 Asia/Tokyo] PHP Notice:  Undefined offset: 11 in /Applications/MAMP/htdocs/kurorekishi/index.php on line 21
[26-Nov-2019 14:55:36 Asia/Tokyo] POSTされた！
[26-Nov-2019 14:55:36 Asia/Tokyo] PHP Notice:  Undefined offset: 3 in /Applications/MAMP/htdocs/kurorekishi/index.php on line 21
[26-Nov-2019 14:56:09 Asia/Tokyo] POSTされた！
[26-Nov-2019 14:56:09 Asia/Tokyo] PHP Notice:  Undefined offset: 15 in /Applications/MAMP/htdocs/kurorekishi/index.php on line 21
[26-Nov-2019 14:57:08 Asia/Tokyo] POSTされた！
[26-Nov-2019 14:57:08 Asia/Tokyo] PHP Notice:  Undefined offset: 20 in /Applications/MAMP/htdocs/kurorekishi/index.php on line 21
[26-Nov-2019 14:57:10 Asia/Tokyo] POSTされた！
[26-Nov-2019 14:57:10 Asia/Tokyo] PHP Notice:  Undefined offset: 9 in /Applications/MAMP/htdocs/kurorekishi/index.php on line 21
[26-Nov-2019 14:57:13 Asia/Tokyo] POSTされた！
[26-Nov-2019 14:57:13 Asia/Tokyo] PHP Notice:  Undefined offset: 17 in /Applications/MAMP/htdocs/kurorekishi/index.php on line 21
[26-Nov-2019 14:57:14 Asia/Tokyo] POSTされた！
[26-Nov-2019 14:57:14 Asia/Tokyo] PHP Notice:  Undefined offset: 17 in /Applications/MAMP/htdocs/kurorekishi/index.php on line 21
[26-Nov-2019 14:57:39 Asia/Tokyo] POSTされた！
[26-Nov-2019 14:57:39 Asia/Tokyo] PHP Notice:  Undefined offset: 4 in /Applications/MAMP/htdocs/kurorekishi/index.php on line 21
[26-Nov-2019 14:57:48 Asia/Tokyo] POSTされた！
[26-Nov-2019 14:57:48 Asia/Tokyo] PHP Notice:  Undefined offset: 3 in /Applications/MAMP/htdocs/kurorekishi/index.php on line 21
[26-Nov-2019 14:57:50 Asia/Tokyo] POSTされた！
[26-Nov-2019 14:57:50 Asia/Tokyo] PHP Notice:  Undefined offset: 9 in /Applications/MAMP/htdocs/kurorekishi/index.php on line 21
[26-Nov-2019 14:58:36 Asia/Tokyo] POSTされた！
[26-Nov-2019 14:58:36 Asia/Tokyo] PHP Notice:  Undefined offset: 12 in /Applications/MAMP/htdocs/kurorekishi/index.php on line 21
[26-Nov-2019 14:59:15 Asia/Tokyo] POSTされた！
[26-Nov-2019 14:59:15 Asia/Tokyo] PHP Notice:  Undefined offset: 12 in /Applications/MAMP/htdocs/kurorekishi/index.php on line 21
[26-Nov-2019 14:59:18 Asia/Tokyo] POSTされた！
[26-Nov-2019 14:59:18 Asia/Tokyo] PHP Notice:  Undefined offset: 17 in /Applications/MAMP/htdocs/kurorekishi/index.php on line 21
[26-Nov-2019 14:59:20 Asia/Tokyo] POSTされた！
[26-Nov-2019 14:59:20 Asia/Tokyo] PHP Notice:  Undefined offset: 15 in /Applications/MAMP/htdocs/kurorekishi/index.php on line 21
[26-Nov-2019 14:59:34 Asia/Tokyo] POSTされた！
[26-Nov-2019 14:59:34 Asia/Tokyo] PHP Notice:  Undefined offset: 4 in /Applications/MAMP/htdocs/kurorekishi/index.php on line 21
[26-Nov-2019 14:59:34 Asia/Tokyo] POSTされた！
[26-Nov-2019 14:59:34 Asia/Tokyo] PHP Notice:  Undefined offset: 4 in /Applications/MAMP/htdocs/kurorekishi/index.php on line 21
[26-Nov-2019 14:59:37 Asia/Tokyo] POSTされた！
[26-Nov-2019 14:59:37 Asia/Tokyo] PHP Notice:  Undefined offset: 13 in /Applications/MAMP/htdocs/kurorekishi/index.php on line 21
[26-Nov-2019 14:59:47 Asia/Tokyo] POSTされた！
[26-Nov-2019 14:59:47 Asia/Tokyo] PHP Notice:  Undefined offset: 15 in /Applications/MAMP/htdocs/kurorekishi/index.php on line 21
[26-Nov-2019 15:00:45 Asia/Tokyo] POSTされた！
[26-Nov-2019 15:00:45 Asia/Tokyo] PHP Notice:  Undefined offset: 8 in /Applications/MAMP/htdocs/kurorekishi/index.php on line 21
[26-Nov-2019 15:00:47 Asia/Tokyo] POSTされた！
[26-Nov-2019 15:00:47 Asia/Tokyo] PHP Notice:  Undefined offset: 10 in /Applications/MAMP/htdocs/kurorekishi/index.php on line 21
[26-Nov-2019 15:00:51 Asia/Tokyo] POSTされた！
[26-Nov-2019 15:00:51 Asia/Tokyo] PHP Notice:  Undefined offset: 13 in /Applications/MAMP/htdocs/kurorekishi/index.php on line 21
[26-Nov-2019 15:00:52 Asia/Tokyo] POSTされた！
[26-Nov-2019 15:00:52 Asia/Tokyo] PHP Notice:  Undefined offset: 6 in /Applications/MAMP/htdocs/kurorekishi/index.php on line 21
[26-Nov-2019 15:01:06 Asia/Tokyo] POSTされた！
[26-Nov-2019 15:01:06 Asia/Tokyo] PHP Notice:  Undefined offset: 18 in /Applications/MAMP/htdocs/kurorekishi/index.php on line 21
[26-Nov-2019 15:01:08 Asia/Tokyo] POSTされた！
[26-Nov-2019 15:01:08 Asia/Tokyo] PHP Notice:  Undefined offset: 13 in /Applications/MAMP/htdocs/kurorekishi/index.php on line 21
[26-Nov-2019 15:01:10 Asia/Tokyo] POSTされた！
[26-Nov-2019 15:01:10 Asia/Tokyo] PHP Notice:  Undefined offset: 3 in /Applications/MAMP/htdocs/kurorekishi/index.php on line 21
[26-Nov-2019 15:01:10 Asia/Tokyo] POSTされた！
[26-Nov-2019 15:01:10 Asia/Tokyo] PHP Notice:  Undefined offset: 10 in /Applications/MAMP/htdocs/kurorekishi/index.php on line 21
[26-Nov-2019 16:40:58 Asia/Tokyo] POSTされた！
[26-Nov-2019 16:40:58 Asia/Tokyo] PHP Notice:  Undefined index: history in /Applications/MAMP/htdocs/kurorekishi/index.php on line 107
[26-Nov-2019 16:40:58 Asia/Tokyo] PHP Notice:  Undefined index: hp in /Applications/MAMP/htdocs/kurorekishi/index.php on line 111
[26-Nov-2019 16:40:58 Asia/Tokyo] PHP Notice:  Undefined index: attack in /Applications/MAMP/htdocs/kurorekishi/index.php on line 114
[26-Nov-2019 16:40:58 Asia/Tokyo] PHP Notice:  Undefined index: myhp in /Applications/MAMP/htdocs/kurorekishi/index.php on line 114
[26-Nov-2019 16:40:58 Asia/Tokyo] PHP Notice:  Undefined index: name in /Applications/MAMP/htdocs/kurorekishi/index.php on line 115
[26-Nov-2019 16:40:58 Asia/Tokyo] PHP Notice:  Undefined index: attack in /Applications/MAMP/htdocs/kurorekishi/index.php on line 115
[26-Nov-2019 16:41:00 Asia/Tokyo] POSTされた！
[26-Nov-2019 16:41:00 Asia/Tokyo] PHP Notice:  Undefined offset: 7 in /Applications/MAMP/htdocs/kurorekishi/index.php on line 81
[26-Nov-2019 16:41:00 Asia/Tokyo] PHP Notice:  Undefined index: name in /Applications/MAMP/htdocs/kurorekishi/index.php on line 82
[26-Nov-2019 16:41:00 Asia/Tokyo] PHP Notice:  Undefined index: name in /Applications/MAMP/htdocs/kurorekishi/index.php on line 206
[26-Nov-2019 16:41:00 Asia/Tokyo] PHP Notice:  Undefined index: img in /Applications/MAMP/htdocs/kurorekishi/index.php on line 208
[26-Nov-2019 16:41:00 Asia/Tokyo] PHP Notice:  Undefined index: hp in /Applications/MAMP/htdocs/kurorekishi/index.php on line 210
[26-Nov-2019 16:42:15 Asia/Tokyo] POSTされた！
[26-Nov-2019 16:42:15 Asia/Tokyo] PHP Notice:  Undefined offset: 4 in /Applications/MAMP/htdocs/kurorekishi/index.php on line 81
[26-Nov-2019 16:42:15 Asia/Tokyo] PHP Notice:  Undefined index: name in /Applications/MAMP/htdocs/kurorekishi/index.php on line 82
[26-Nov-2019 16:42:15 Asia/Tokyo] PHP Notice:  Undefined index: name in /Applications/MAMP/htdocs/kurorekishi/index.php on line 206
[26-Nov-2019 16:42:15 Asia/Tokyo] PHP Notice:  Undefined index: img in /Applications/MAMP/htdocs/kurorekishi/index.php on line 208
[26-Nov-2019 16:42:15 Asia/Tokyo] PHP Notice:  Undefined index: hp in /Applications/MAMP/htdocs/kurorekishi/index.php on line 210
[26-Nov-2019 16:43:25 Asia/Tokyo] POSTされた！
[26-Nov-2019 16:43:25 Asia/Tokyo] PHP Notice:  Undefined offset: 7 in /Applications/MAMP/htdocs/kurorekishi/index.php on line 81
[26-Nov-2019 16:43:25 Asia/Tokyo] PHP Notice:  Undefined index: name in /Applications/MAMP/htdocs/kurorekishi/index.php on line 82
[26-Nov-2019 16:43:25 Asia/Tokyo] PHP Notice:  Undefined index: name in /Applications/MAMP/htdocs/kurorekishi/index.php on line 206
[26-Nov-2019 16:43:25 Asia/Tokyo] PHP Fatal error:  Uncaught Error: Call to a member function getName() on null in /Applications/MAMP/htdocs/kurorekishi/index.php:206
Stack trace:
#0 {main}
  thrown in /Applications/MAMP/htdocs/kurorekishi/index.php on line 206
[26-Nov-2019 16:44:43 Asia/Tokyo] POSTされた！
[26-Nov-2019 16:44:43 Asia/Tokyo] PHP Notice:  Undefined offset: 4 in /Applications/MAMP/htdocs/kurorekishi/index.php on line 81
[26-Nov-2019 16:44:43 Asia/Tokyo] PHP Notice:  Undefined index: name in /Applications/MAMP/htdocs/kurorekishi/index.php on line 82
[26-Nov-2019 16:44:43 Asia/Tokyo] PHP Notice:  Undefined index: name in /Applications/MAMP/htdocs/kurorekishi/index.php on line 206
[26-Nov-2019 16:44:43 Asia/Tokyo] PHP Fatal error:  Uncaught Error: Call to a member function getName() on null in /Applications/MAMP/htdocs/kurorekishi/index.php:206
Stack trace:
#0 {main}
  thrown in /Applications/MAMP/htdocs/kurorekishi/index.php on line 206
[26-Nov-2019 16:44:46 Asia/Tokyo] POSTされた！
[26-Nov-2019 16:44:46 Asia/Tokyo] PHP Notice:  Undefined offset: 17 in /Applications/MAMP/htdocs/kurorekishi/index.php on line 81
[26-Nov-2019 16:44:46 Asia/Tokyo] PHP Notice:  Undefined index: name in /Applications/MAMP/htdocs/kurorekishi/index.php on line 82
[26-Nov-2019 16:44:46 Asia/Tokyo] PHP Notice:  Undefined index: name in /Applications/MAMP/htdocs/kurorekishi/index.php on line 206
[26-Nov-2019 16:44:46 Asia/Tokyo] PHP Fatal error:  Uncaught Error: Call to a member function getName() on null in /Applications/MAMP/htdocs/kurorekishi/index.php:206
Stack trace:
#0 {main}
  thrown in /Applications/MAMP/htdocs/kurorekishi/index.php on line 206
[26-Nov-2019 16:44:51 Asia/Tokyo] POSTされた！
[26-Nov-2019 16:44:51 Asia/Tokyo] PHP Notice:  Undefined offset: 19 in /Applications/MAMP/htdocs/kurorekishi/index.php on line 81
[26-Nov-2019 16:44:51 Asia/Tokyo] PHP Notice:  Undefined index: name in /Applications/MAMP/htdocs/kurorekishi/index.php on line 82
[26-Nov-2019 16:44:51 Asia/Tokyo] PHP Notice:  Undefined index: name in /Applications/MAMP/htdocs/kurorekishi/index.php on line 206
[26-Nov-2019 16:44:51 Asia/Tokyo] PHP Fatal error:  Uncaught Error: Call to a member function getName() on null in /Applications/MAMP/htdocs/kurorekishi/index.php:206
Stack trace:
#0 {main}
  thrown in /Applications/MAMP/htdocs/kurorekishi/index.php on line 206
[26-Nov-2019 16:44:54 Asia/Tokyo] POSTされた！
[26-Nov-2019 16:44:54 Asia/Tokyo] PHP Notice:  Undefined offset: 17 in /Applications/MAMP/htdocs/kurorekishi/index.php on line 81
[26-Nov-2019 16:44:54 Asia/Tokyo] PHP Notice:  Undefined index: name in /Applications/MAMP/htdocs/kurorekishi/index.php on line 82
[26-Nov-2019 16:44:54 Asia/Tokyo] PHP Notice:  Undefined index: name in /Applications/MAMP/htdocs/kurorekishi/index.php on line 206
[26-Nov-2019 16:44:54 Asia/Tokyo] PHP Fatal error:  Uncaught Error: Call to a member function getName() on null in /Applications/MAMP/htdocs/kurorekishi/index.php:206
Stack trace:
#0 {main}
  thrown in /Applications/MAMP/htdocs/kurorekishi/index.php on line 206
[26-Nov-2019 16:44:59 Asia/Tokyo] POSTされた！
[26-Nov-2019 16:44:59 Asia/Tokyo] PHP Notice:  Undefined offset: 7 in /Applications/MAMP/htdocs/kurorekishi/index.php on line 81
[26-Nov-2019 16:44:59 Asia/Tokyo] PHP Notice:  Undefined index: name in /Applications/MAMP/htdocs/kurorekishi/index.php on line 82
[26-Nov-2019 16:44:59 Asia/Tokyo] PHP Notice:  Undefined index: name in /Applications/MAMP/htdocs/kurorekishi/index.php on line 206
[26-Nov-2019 16:44:59 Asia/Tokyo] PHP Fatal error:  Uncaught Error: Call to a member function getName() on null in /Applications/MAMP/htdocs/kurorekishi/index.php:206
Stack trace:
#0 {main}
  thrown in /Applications/MAMP/htdocs/kurorekishi/index.php on line 206
[26-Nov-2019 16:46:08 Asia/Tokyo] PHP Notice:  Undefined index: name in /Applications/MAMP/htdocs/kurorekishi/index.php on line 206
[26-Nov-2019 16:46:08 Asia/Tokyo] PHP Fatal error:  Uncaught Error: Call to a member function getName() on null in /Applications/MAMP/htdocs/kurorekishi/index.php:206
Stack trace:
#0 {main}
  thrown in /Applications/MAMP/htdocs/kurorekishi/index.php on line 206
[26-Nov-2019 16:46:39 Asia/Tokyo] PHP Notice:  Undefined index: name in /Applications/MAMP/htdocs/kurorekishi/index.php on line 206
[26-Nov-2019 16:46:39 Asia/Tokyo] PHP Fatal error:  Uncaught Error: Call to a member function getName() on null in /Applications/MAMP/htdocs/kurorekishi/index.php:206
Stack trace:
#0 {main}
  thrown in /Applications/MAMP/htdocs/kurorekishi/index.php on line 206
[26-Nov-2019 17:02:07 Asia/Tokyo] PHP Notice:  Undefined index: name in /Applications/MAMP/htdocs/kurorekishi/index.php on line 206
[26-Nov-2019 17:02:07 Asia/Tokyo] PHP Fatal error:  Uncaught Error: Call to a member function getName() on null in /Applications/MAMP/htdocs/kurorekishi/index.php:206
Stack trace:
#0 {main}
  thrown in /Applications/MAMP/htdocs/kurorekishi/index.php on line 206
[26-Nov-2019 17:02:08 Asia/Tokyo] PHP Notice:  Undefined index: name in /Applications/MAMP/htdocs/kurorekishi/index.php on line 206
[26-Nov-2019 17:02:08 Asia/Tokyo] PHP Fatal error:  Uncaught Error: Call to a member function getName() on null in /Applications/MAMP/htdocs/kurorekishi/index.php:206
Stack trace:
#0 {main}
  thrown in /Applications/MAMP/htdocs/kurorekishi/index.php on line 206
[26-Nov-2019 17:10:36 Asia/Tokyo] POSTされた！
[26-Nov-2019 17:10:36 Asia/Tokyo] PHP Notice:  Undefined offset: 12 in /Applications/MAMP/htdocs/kurorekishi/index.php on line 81
[26-Nov-2019 17:10:36 Asia/Tokyo] PHP Notice:  Undefined index: name in /Applications/MAMP/htdocs/kurorekishi/index.php on line 82
[26-Nov-2019 17:10:36 Asia/Tokyo] PHP Notice:  Undefined index: name in /Applications/MAMP/htdocs/kurorekishi/index.php on line 206
[26-Nov-2019 17:10:36 Asia/Tokyo] PHP Fatal error:  Uncaught Error: Call to a member function getName() on null in /Applications/MAMP/htdocs/kurorekishi/index.php:206
Stack trace:
#0 {main}
  thrown in /Applications/MAMP/htdocs/kurorekishi/index.php on line 206
[26-Nov-2019 17:11:15 Asia/Tokyo] POSTされた！
[26-Nov-2019 17:11:15 Asia/Tokyo] PHP Notice:  Undefined offset: 7 in /Applications/MAMP/htdocs/kurorekishi/index.php on line 81
[26-Nov-2019 17:11:15 Asia/Tokyo] PHP Notice:  Undefined index: name in /Applications/MAMP/htdocs/kurorekishi/index.php on line 82
[26-Nov-2019 17:11:15 Asia/Tokyo] PHP Notice:  Undefined index: name in /Applications/MAMP/htdocs/kurorekishi/index.php on line 206
[26-Nov-2019 17:11:15 Asia/Tokyo] PHP Fatal error:  Uncaught Error: Call to a member function getName() on null in /Applications/MAMP/htdocs/kurorekishi/index.php:206
Stack trace:
#0 {main}
  thrown in /Applications/MAMP/htdocs/kurorekishi/index.php on line 206
[26-Nov-2019 17:17:29 Asia/Tokyo] POSTされた！
[26-Nov-2019 17:17:29 Asia/Tokyo] PHP Notice:  Undefined offset: 2 in /Applications/MAMP/htdocs/kurorekishi/index.php on line 81
[26-Nov-2019 17:17:29 Asia/Tokyo] PHP Notice:  Undefined index: name in /Applications/MAMP/htdocs/kurorekishi/index.php on line 82
[26-Nov-2019 17:17:29 Asia/Tokyo] PHP Notice:  Undefined index: name in /Applications/MAMP/htdocs/kurorekishi/index.php on line 206
[26-Nov-2019 17:17:29 Asia/Tokyo] PHP Fatal error:  Uncaught Error: Call to a member function getName() on null in /Applications/MAMP/htdocs/kurorekishi/index.php:206
Stack trace:
#0 {main}
  thrown in /Applications/MAMP/htdocs/kurorekishi/index.php on line 206
[26-Nov-2019 17:19:02 Asia/Tokyo] POSTされた！
[26-Nov-2019 17:19:02 Asia/Tokyo] PHP Notice:  Undefined offset: 8 in /Applications/MAMP/htdocs/kurorekishi/index.php on line 81
[26-Nov-2019 17:19:02 Asia/Tokyo] PHP Notice:  Undefined index: name in /Applications/MAMP/htdocs/kurorekishi/index.php on line 82
[26-Nov-2019 17:19:02 Asia/Tokyo] PHP Notice:  Undefined index: name in /Applications/MAMP/htdocs/kurorekishi/index.php on line 206
[26-Nov-2019 17:19:02 Asia/Tokyo] PHP Fatal error:  Uncaught Error: Call to a member function getName() on null in /Applications/MAMP/htdocs/kurorekishi/index.php:206
Stack trace:
#0 {main}
  thrown in /Applications/MAMP/htdocs/kurorekishi/index.php on line 206
[26-Nov-2019 17:21:07 Asia/Tokyo] POSTされた！
[26-Nov-2019 17:21:07 Asia/Tokyo] PHP Notice:  Undefined offset: 19 in /Applications/MAMP/htdocs/kurorekishi/index.php on line 81
[26-Nov-2019 17:21:07 Asia/Tokyo] PHP Notice:  Undefined index: name in /Applications/MAMP/htdocs/kurorekishi/index.php on line 82
[26-Nov-2019 17:21:07 Asia/Tokyo] PHP Notice:  Undefined index: name in /Applications/MAMP/htdocs/kurorekishi/index.php on line 206
[26-Nov-2019 17:21:07 Asia/Tokyo] PHP Fatal error:  Uncaught Error: Call to a member function getName() on null in /Applications/MAMP/htdocs/kurorekishi/index.php:206
Stack trace:
#0 {main}
  thrown in /Applications/MAMP/htdocs/kurorekishi/index.php on line 206
[26-Nov-2019 17:21:36 Asia/Tokyo] POSTされた！
[26-Nov-2019 17:21:36 Asia/Tokyo] PHP Notice:  Undefined offset: 15 in /Applications/MAMP/htdocs/kurorekishi/index.php on line 81
[26-Nov-2019 17:21:36 Asia/Tokyo] PHP Fatal error:  Uncaught Error: Call to a member function getName() on string in /Applications/MAMP/htdocs/kurorekishi/index.php:206
Stack trace:
#0 {main}
  thrown in /Applications/MAMP/htdocs/kurorekishi/index.php on line 206
[26-Nov-2019 17:22:05 Asia/Tokyo] POSTされた！
[26-Nov-2019 17:22:05 Asia/Tokyo] PHP Notice:  Undefined offset: 4 in /Applications/MAMP/htdocs/kurorekishi/index.php on line 81
[26-Nov-2019 17:22:05 Asia/Tokyo] PHP Fatal error:  Uncaught Error: Call to a member function getName() on string in /Applications/MAMP/htdocs/kurorekishi/index.php:206
Stack trace:
#0 {main}
  thrown in /Applications/MAMP/htdocs/kurorekishi/index.php on line 206
[26-Nov-2019 17:22:10 Asia/Tokyo] PHP Fatal error:  Uncaught Error: Call to a member function getName() on string in /Applications/MAMP/htdocs/kurorekishi/index.php:206
Stack trace:
#0 {main}
  thrown in /Applications/MAMP/htdocs/kurorekishi/index.php on line 206
[26-Nov-2019 17:22:37 Asia/Tokyo] PHP Fatal error:  Uncaught Error: Call to a member function getName() on string in /Applications/MAMP/htdocs/kurorekishi/index.php:206
Stack trace:
#0 {main}
  thrown in /Applications/MAMP/htdocs/kurorekishi/index.php on line 206
[26-Nov-2019 17:22:40 Asia/Tokyo] PHP Fatal error:  Uncaught Error: Call to a member function getName() on string in /Applications/MAMP/htdocs/kurorekishi/index.php:206
Stack trace:
#0 {main}
  thrown in /Applications/MAMP/htdocs/kurorekishi/index.php on line 206
[26-Nov-2019 17:24:46 Asia/Tokyo] PHP Fatal error:  Uncaught Error: Call to a member function getName() on string in /Applications/MAMP/htdocs/kurorekishi/index.php:206
Stack trace:
#0 {main}
  thrown in /Applications/MAMP/htdocs/kurorekishi/index.php on line 206
[26-Nov-2019 17:24:47 Asia/Tokyo] PHP Fatal error:  Uncaught Error: Call to a member function getName() on string in /Applications/MAMP/htdocs/kurorekishi/index.php:206
Stack trace:
#0 {main}
  thrown in /Applications/MAMP/htdocs/kurorekishi/index.php on line 206
[26-Nov-2019 17:24:47 Asia/Tokyo] PHP Fatal error:  Uncaught Error: Call to a member function getName() on string in /Applications/MAMP/htdocs/kurorekishi/index.php:206
Stack trace:
#0 {main}
  thrown in /Applications/MAMP/htdocs/kurorekishi/index.php on line 206
[26-Nov-2019 17:24:48 Asia/Tokyo] PHP Fatal error:  Uncaught Error: Call to a member function getName() on string in /Applications/MAMP/htdocs/kurorekishi/index.php:206
Stack trace:
#0 {main}
  thrown in /Applications/MAMP/htdocs/kurorekishi/index.php on line 206
[26-Nov-2019 17:24:49 Asia/Tokyo] PHP Fatal error:  Uncaught Error: Call to a member function getName() on string in /Applications/MAMP/htdocs/kurorekishi/index.php:206
Stack trace:
#0 {main}
  thrown in /Applications/MAMP/htdocs/kurorekishi/index.php on line 206
[26-Nov-2019 17:25:30 Asia/Tokyo] PHP Fatal error:  Uncaught Error: Call to a member function getName() on string in /Applications/MAMP/htdocs/kurorekishi/index.php:206
Stack trace:
#0 {main}
  thrown in /Applications/MAMP/htdocs/kurorekishi/index.php on line 206
[26-Nov-2019 17:29:13 Asia/Tokyo] PHP Fatal error:  Uncaught Error: Call to a member function getName() on string in /Applications/MAMP/htdocs/kurorekishi/index.php:206
Stack trace:
#0 {main}
  thrown in /Applications/MAMP/htdocs/kurorekishi/index.php on line 206
[26-Nov-2019 17:30:23 Asia/Tokyo] POSTされた！
[26-Nov-2019 17:30:23 Asia/Tokyo] PHP Notice:  Undefined offset: 14 in /Applications/MAMP/htdocs/kurorekishi/index.php on line 81
[26-Nov-2019 17:30:23 Asia/Tokyo] PHP Fatal error:  Uncaught Error: Call to a member function getName() on string in /Applications/MAMP/htdocs/kurorekishi/index.php:206
Stack trace:
#0 {main}
  thrown in /Applications/MAMP/htdocs/kurorekishi/index.php on line 206
[26-Nov-2019 17:39:05 Asia/Tokyo] PHP Fatal error:  Uncaught Error: Call to a member function getName() on string in /Applications/MAMP/htdocs/kurorekishi/index.php:208
Stack trace:
#0 {main}
  thrown in /Applications/MAMP/htdocs/kurorekishi/index.php on line 208
[26-Nov-2019 17:39:06 Asia/Tokyo] PHP Fatal error:  Uncaught Error: Call to a member function getName() on string in /Applications/MAMP/htdocs/kurorekishi/index.php:208
Stack trace:
#0 {main}
  thrown in /Applications/MAMP/htdocs/kurorekishi/index.php on line 208
[26-Nov-2019 17:39:07 Asia/Tokyo] PHP Fatal error:  Uncaught Error: Call to a member function getName() on string in /Applications/MAMP/htdocs/kurorekishi/index.php:208
Stack trace:
#0 {main}
  thrown in /Applications/MAMP/htdocs/kurorekishi/index.php on line 208
[26-Nov-2019 17:39:07 Asia/Tokyo] PHP Fatal error:  Uncaught Error: Call to a member function getName() on string in /Applications/MAMP/htdocs/kurorekishi/index.php:208
Stack trace:
#0 {main}
  thrown in /Applications/MAMP/htdocs/kurorekishi/index.php on line 208
[26-Nov-2019 17:39:07 Asia/Tokyo] PHP Fatal error:  Uncaught Error: Call to a member function getName() on string in /Applications/MAMP/htdocs/kurorekishi/index.php:208
Stack trace:
#0 {main}
  thrown in /Applications/MAMP/htdocs/kurorekishi/index.php on line 208
[26-Nov-2019 17:39:07 Asia/Tokyo] PHP Fatal error:  Uncaught Error: Call to a member function getName() on string in /Applications/MAMP/htdocs/kurorekishi/index.php:208
Stack trace:
#0 {main}
  thrown in /Applications/MAMP/htdocs/kurorekishi/index.php on line 208
[26-Nov-2019 17:39:11 Asia/Tokyo] POSTされた！
[26-Nov-2019 17:39:11 Asia/Tokyo] PHP Notice:  Undefined offset: 14 in /Applications/MAMP/htdocs/kurorekishi/index.php on line 81
[26-Nov-2019 17:39:11 Asia/Tokyo] PHP Fatal error:  Uncaught Error: Call to a member function getName() on null in /Applications/MAMP/htdocs/kurorekishi/index.php:82
Stack trace:
#0 /Applications/MAMP/htdocs/kurorekishi/index.php(89): createRekishi()
#1 /Applications/MAMP/htdocs/kurorekishi/index.php(103): init()
#2 {main}
  thrown in /Applications/MAMP/htdocs/kurorekishi/index.php on line 82
[26-Nov-2019 17:41:06 Asia/Tokyo] POSTされた！
[26-Nov-2019 17:41:06 Asia/Tokyo] PHP Notice:  Undefined offset: 6 in /Applications/MAMP/htdocs/kurorekishi/index.php on line 81
[26-Nov-2019 17:41:06 Asia/Tokyo] PHP Fatal error:  Uncaught Error: Call to a member function getName() on null in /Applications/MAMP/htdocs/kurorekishi/index.php:82
Stack trace:
#0 /Applications/MAMP/htdocs/kurorekishi/index.php(89): createRekishi()
#1 /Applications/MAMP/htdocs/kurorekishi/index.php(103): init()
#2 {main}
  thrown in /Applications/MAMP/htdocs/kurorekishi/index.php on line 82
[26-Nov-2019 17:41:14 Asia/Tokyo] POSTされた！
[26-Nov-2019 17:41:14 Asia/Tokyo] PHP Notice:  Undefined offset: 2 in /Applications/MAMP/htdocs/kurorekishi/index.php on line 81
[26-Nov-2019 17:41:14 Asia/Tokyo] PHP Fatal error:  Uncaught Error: Call to a member function getName() on null in /Applications/MAMP/htdocs/kurorekishi/index.php:82
Stack trace:
#0 /Applications/MAMP/htdocs/kurorekishi/index.php(89): createRekishi()
#1 /Applications/MAMP/htdocs/kurorekishi/index.php(103): init()
#2 {main}
  thrown in /Applications/MAMP/htdocs/kurorekishi/index.php on line 82
[26-Nov-2019 17:41:20 Asia/Tokyo] POSTされた！
[26-Nov-2019 17:41:20 Asia/Tokyo] PHP Notice:  Undefined offset: 7 in /Applications/MAMP/htdocs/kurorekishi/index.php on line 81
[26-Nov-2019 17:41:20 Asia/Tokyo] PHP Fatal error:  Uncaught Error: Call to a member function getName() on null in /Applications/MAMP/htdocs/kurorekishi/index.php:82
Stack trace:
#0 /Applications/MAMP/htdocs/kurorekishi/index.php(89): createRekishi()
#1 /Applications/MAMP/htdocs/kurorekishi/index.php(103): init()
#2 {main}
  thrown in /Applications/MAMP/htdocs/kurorekishi/index.php on line 82
[26-Nov-2019 17:41:22 Asia/Tokyo] POSTされた！
[26-Nov-2019 17:41:22 Asia/Tokyo] PHP Notice:  Undefined offset: 12 in /Applications/MAMP/htdocs/kurorekishi/index.php on line 81
[26-Nov-2019 17:41:22 Asia/Tokyo] PHP Fatal error:  Uncaught Error: Call to a member function getName() on null in /Applications/MAMP/htdocs/kurorekishi/index.php:82
Stack trace:
#0 /Applications/MAMP/htdocs/kurorekishi/index.php(89): createRekishi()
#1 /Applications/MAMP/htdocs/kurorekishi/index.php(103): init()
#2 {main}
  thrown in /Applications/MAMP/htdocs/kurorekishi/index.php on line 82
[26-Nov-2019 17:44:42 Asia/Tokyo] PHP Notice:  Undefined variable: special in /Applications/MAMP/htdocs/kurorekishi/index.php on line 23
[26-Nov-2019 17:44:42 Asia/Tokyo] PHP Notice:  Undefined variable: special in /Applications/MAMP/htdocs/kurorekishi/index.php on line 23
[26-Nov-2019 17:44:42 Asia/Tokyo] PHP Notice:  Undefined variable: special in /Applications/MAMP/htdocs/kurorekishi/index.php on line 23
[26-Nov-2019 17:44:42 Asia/Tokyo] PHP Notice:  Undefined variable: special in /Applications/MAMP/htdocs/kurorekishi/index.php on line 23
[26-Nov-2019 17:44:42 Asia/Tokyo] PHP Notice:  Undefined variable: special in /Applications/MAMP/htdocs/kurorekishi/index.php on line 23
[26-Nov-2019 17:44:42 Asia/Tokyo] PHP Notice:  Undefined variable: special in /Applications/MAMP/htdocs/kurorekishi/index.php on line 23
[26-Nov-2019 17:44:42 Asia/Tokyo] PHP Notice:  Undefined variable: special in /Applications/MAMP/htdocs/kurorekishi/index.php on line 23
[26-Nov-2019 17:44:42 Asia/Tokyo] PHP Notice:  Undefined variable: special in /Applications/MAMP/htdocs/kurorekishi/index.php on line 23
[26-Nov-2019 17:44:42 Asia/Tokyo] PHP Notice:  Undefined variable: special in /Applications/MAMP/htdocs/kurorekishi/index.php on line 23
[26-Nov-2019 17:44:42 Asia/Tokyo] PHP Notice:  Undefined variable: special in /Applications/MAMP/htdocs/kurorekishi/index.php on line 23
[26-Nov-2019 17:44:42 Asia/Tokyo] PHP Notice:  Undefined variable: special in /Applications/MAMP/htdocs/kurorekishi/index.php on line 23
[26-Nov-2019 17:44:42 Asia/Tokyo] PHP Notice:  Undefined variable: special in /Applications/MAMP/htdocs/kurorekishi/index.php on line 23
[26-Nov-2019 17:44:42 Asia/Tokyo] PHP Notice:  Undefined variable: special in /Applications/MAMP/htdocs/kurorekishi/index.php on line 23
[26-Nov-2019 17:44:42 Asia/Tokyo] PHP Notice:  Undefined variable: special in /Applications/MAMP/htdocs/kurorekishi/index.php on line 23
[26-Nov-2019 17:44:42 Asia/Tokyo] PHP Notice:  Undefined variable: special in /Applications/MAMP/htdocs/kurorekishi/index.php on line 23
[26-Nov-2019 17:44:42 Asia/Tokyo] PHP Notice:  Undefined variable: special in /Applications/MAMP/htdocs/kurorekishi/index.php on line 23
[26-Nov-2019 17:44:42 Asia/Tokyo] PHP Notice:  Undefined variable: special in /Applications/MAMP/htdocs/kurorekishi/index.php on line 23
[26-Nov-2019 17:44:42 Asia/Tokyo] PHP Notice:  Undefined variable: special in /Applications/MAMP/htdocs/kurorekishi/index.php on line 23
[26-Nov-2019 17:44:42 Asia/Tokyo] PHP Notice:  Undefined variable: special in /Applications/MAMP/htdocs/kurorekishi/index.php on line 23
[26-Nov-2019 17:44:42 Asia/Tokyo] PHP Notice:  Undefined variable: special in /Applications/MAMP/htdocs/kurorekishi/index.php on line 23
[26-Nov-2019 17:44:42 Asia/Tokyo] POSTされた！
[26-Nov-2019 17:44:42 Asia/Tokyo] PHP Notice:  Undefined offset: 11 in /Applications/MAMP/htdocs/kurorekishi/index.php on line 82
[26-Nov-2019 17:44:42 Asia/Tokyo] PHP Fatal error:  Uncaught Error: Call to a member function getName() on null in /Applications/MAMP/htdocs/kurorekishi/index.php:83
Stack trace:
#0 /Applications/MAMP/htdocs/kurorekishi/index.php(90): createRekishi()
#1 /Applications/MAMP/htdocs/kurorekishi/index.php(104): init()
#2 {main}
  thrown in /Applications/MAMP/htdocs/kurorekishi/index.php on line 83
[26-Nov-2019 17:45:14 Asia/Tokyo] PHP Notice:  Undefined variable: special in /Applications/MAMP/htdocs/kurorekishi/index.php on line 23
[26-Nov-2019 17:45:14 Asia/Tokyo] PHP Notice:  Undefined variable: special in /Applications/MAMP/htdocs/kurorekishi/index.php on line 23
[26-Nov-2019 17:45:14 Asia/Tokyo] PHP Notice:  Undefined variable: special in /Applications/MAMP/htdocs/kurorekishi/index.php on line 23
[26-Nov-2019 17:45:14 Asia/Tokyo] PHP Notice:  Undefined variable: special in /Applications/MAMP/htdocs/kurorekishi/index.php on line 23
[26-Nov-2019 17:45:14 Asia/Tokyo] PHP Notice:  Undefined variable: special in /Applications/MAMP/htdocs/kurorekishi/index.php on line 23
[26-Nov-2019 17:45:14 Asia/Tokyo] PHP Notice:  Undefined variable: special in /Applications/MAMP/htdocs/kurorekishi/index.php on line 23
[26-Nov-2019 17:45:14 Asia/Tokyo] PHP Notice:  Undefined variable: special in /Applications/MAMP/htdocs/kurorekishi/index.php on line 23
[26-Nov-2019 17:45:14 Asia/Tokyo] PHP Notice:  Undefined variable: special in /Applications/MAMP/htdocs/kurorekishi/index.php on line 23
[26-Nov-2019 17:45:14 Asia/Tokyo] PHP Notice:  Undefined variable: special in /Applications/MAMP/htdocs/kurorekishi/index.php on line 23
[26-Nov-2019 17:45:14 Asia/Tokyo] PHP Notice:  Undefined variable: special in /Applications/MAMP/htdocs/kurorekishi/index.php on line 23
[26-Nov-2019 17:45:14 Asia/Tokyo] PHP Notice:  Undefined variable: special in /Applications/MAMP/htdocs/kurorekishi/index.php on line 23
[26-Nov-2019 17:45:14 Asia/Tokyo] PHP Notice:  Undefined variable: special in /Applications/MAMP/htdocs/kurorekishi/index.php on line 23
[26-Nov-2019 17:45:14 Asia/Tokyo] PHP Notice:  Undefined variable: special in /Applications/MAMP/htdocs/kurorekishi/index.php on line 23
[26-Nov-2019 17:45:14 Asia/Tokyo] PHP Notice:  Undefined variable: special in /Applications/MAMP/htdocs/kurorekishi/index.php on line 23
[26-Nov-2019 17:45:14 Asia/Tokyo] PHP Notice:  Undefined variable: special in /Applications/MAMP/htdocs/kurorekishi/index.php on line 23
[26-Nov-2019 17:45:14 Asia/Tokyo] PHP Notice:  Undefined variable: special in /Applications/MAMP/htdocs/kurorekishi/index.php on line 23
[26-Nov-2019 17:45:14 Asia/Tokyo] PHP Notice:  Undefined variable: special in /Applications/MAMP/htdocs/kurorekishi/index.php on line 23
[26-Nov-2019 17:45:14 Asia/Tokyo] PHP Notice:  Undefined variable: special in /Applications/MAMP/htdocs/kurorekishi/index.php on line 23
[26-Nov-2019 17:45:14 Asia/Tokyo] PHP Notice:  Undefined variable: special in /Applications/MAMP/htdocs/kurorekishi/index.php on line 23
[26-Nov-2019 17:45:14 Asia/Tokyo] PHP Notice:  Undefined variable: special in /Applications/MAMP/htdocs/kurorekishi/index.php on line 23
[26-Nov-2019 17:45:14 Asia/Tokyo] POSTされた！
[26-Nov-2019 17:45:14 Asia/Tokyo] PHP Notice:  Undefined offset: 18 in /Applications/MAMP/htdocs/kurorekishi/index.php on line 82
[26-Nov-2019 17:45:14 Asia/Tokyo] PHP Fatal error:  Uncaught Error: Call to a member function getName() on null in /Applications/MAMP/htdocs/kurorekishi/index.php:83
Stack trace:
#0 /Applications/MAMP/htdocs/kurorekishi/index.php(90): createRekishi()
#1 /Applications/MAMP/htdocs/kurorekishi/index.php(104): init()
#2 {main}
  thrown in /Applications/MAMP/htdocs/kurorekishi/index.php on line 83
[26-Nov-2019 17:45:35 Asia/Tokyo] POSTされた！
[26-Nov-2019 17:45:35 Asia/Tokyo] PHP Notice:  Undefined offset: 15 in /Applications/MAMP/htdocs/kurorekishi/index.php on line 82
[26-Nov-2019 17:45:35 Asia/Tokyo] PHP Fatal error:  Uncaught Error: Call to a member function getName() on null in /Applications/MAMP/htdocs/kurorekishi/index.php:83
Stack trace:
#0 /Applications/MAMP/htdocs/kurorekishi/index.php(90): createRekishi()
#1 /Applications/MAMP/htdocs/kurorekishi/index.php(104): init()
#2 {main}
  thrown in /Applications/MAMP/htdocs/kurorekishi/index.php on line 83
[26-Nov-2019 17:46:27 Asia/Tokyo] POSTされた！
[26-Nov-2019 17:46:27 Asia/Tokyo] PHP Notice:  Undefined offset: 10 in /Applications/MAMP/htdocs/kurorekishi/index.php on line 82
[26-Nov-2019 17:46:27 Asia/Tokyo] PHP Fatal error:  Uncaught Error: Call to a member function getName() on null in /Applications/MAMP/htdocs/kurorekishi/index.php:83
Stack trace:
#0 /Applications/MAMP/htdocs/kurorekishi/index.php(90): createRekishi()
#1 /Applications/MAMP/htdocs/kurorekishi/index.php(104): init()
#2 {main}
  thrown in /Applications/MAMP/htdocs/kurorekishi/index.php on line 83
[26-Nov-2019 17:46:28 Asia/Tokyo] POSTされた！
[26-Nov-2019 17:46:28 Asia/Tokyo] PHP Notice:  Undefined offset: 13 in /Applications/MAMP/htdocs/kurorekishi/index.php on line 82
[26-Nov-2019 17:46:28 Asia/Tokyo] PHP Fatal error:  Uncaught Error: Call to a member function getName() on null in /Applications/MAMP/htdocs/kurorekishi/index.php:83
Stack trace:
#0 /Applications/MAMP/htdocs/kurorekishi/index.php(90): createRekishi()
#1 /Applications/MAMP/htdocs/kurorekishi/index.php(104): init()
#2 {main}
  thrown in /Applications/MAMP/htdocs/kurorekishi/index.php on line 83
[26-Nov-2019 17:47:05 Asia/Tokyo] POSTされた！
[26-Nov-2019 17:47:05 Asia/Tokyo] PHP Notice:  Undefined offset: 16 in /Applications/MAMP/htdocs/kurorekishi/index.php on line 85
[26-Nov-2019 17:47:05 Asia/Tokyo] PHP Fatal error:  Uncaught Error: Call to a member function getName() on null in /Applications/MAMP/htdocs/kurorekishi/index.php:86
Stack trace:
#0 /Applications/MAMP/htdocs/kurorekishi/index.php(93): createRekishi()
#1 /Applications/MAMP/htdocs/kurorekishi/index.php(107): init()
#2 {main}
  thrown in /Applications/MAMP/htdocs/kurorekishi/index.php on line 86
[26-Nov-2019 17:47:06 Asia/Tokyo] POSTされた！
[26-Nov-2019 17:47:06 Asia/Tokyo] PHP Notice:  Undefined offset: 10 in /Applications/MAMP/htdocs/kurorekishi/index.php on line 85
[26-Nov-2019 17:47:06 Asia/Tokyo] PHP Fatal error:  Uncaught Error: Call to a member function getName() on null in /Applications/MAMP/htdocs/kurorekishi/index.php:86
Stack trace:
#0 /Applications/MAMP/htdocs/kurorekishi/index.php(93): createRekishi()
#1 /Applications/MAMP/htdocs/kurorekishi/index.php(107): init()
#2 {main}
  thrown in /Applications/MAMP/htdocs/kurorekishi/index.php on line 86
[26-Nov-2019 17:47:07 Asia/Tokyo] POSTされた！
[26-Nov-2019 17:47:07 Asia/Tokyo] PHP Notice:  Undefined offset: 1 in /Applications/MAMP/htdocs/kurorekishi/index.php on line 85
[26-Nov-2019 17:47:07 Asia/Tokyo] PHP Fatal error:  Uncaught Error: Call to a member function getName() on null in /Applications/MAMP/htdocs/kurorekishi/index.php:86
Stack trace:
#0 /Applications/MAMP/htdocs/kurorekishi/index.php(93): createRekishi()
#1 /Applications/MAMP/htdocs/kurorekishi/index.php(107): init()
#2 {main}
  thrown in /Applications/MAMP/htdocs/kurorekishi/index.php on line 86
[26-Nov-2019 17:47:08 Asia/Tokyo] POSTされた！
[26-Nov-2019 17:47:08 Asia/Tokyo] PHP Notice:  Undefined offset: 8 in /Applications/MAMP/htdocs/kurorekishi/index.php on line 85
[26-Nov-2019 17:47:08 Asia/Tokyo] PHP Fatal error:  Uncaught Error: Call to a member function getName() on null in /Applications/MAMP/htdocs/kurorekishi/index.php:86
Stack trace:
#0 /Applications/MAMP/htdocs/kurorekishi/index.php(93): createRekishi()
#1 /Applications/MAMP/htdocs/kurorekishi/index.php(107): init()
#2 {main}
  thrown in /Applications/MAMP/htdocs/kurorekishi/index.php on line 86
[26-Nov-2019 17:47:09 Asia/Tokyo] POSTされた！
[26-Nov-2019 17:47:09 Asia/Tokyo] PHP Notice:  Undefined offset: 4 in /Applications/MAMP/htdocs/kurorekishi/index.php on line 85
[26-Nov-2019 17:47:09 Asia/Tokyo] PHP Fatal error:  Uncaught Error: Call to a member function getName() on null in /Applications/MAMP/htdocs/kurorekishi/index.php:86
Stack trace:
#0 /Applications/MAMP/htdocs/kurorekishi/index.php(93): createRekishi()
#1 /Applications/MAMP/htdocs/kurorekishi/index.php(107): init()
#2 {main}
  thrown in /Applications/MAMP/htdocs/kurorekishi/index.php on line 86
[26-Nov-2019 17:49:37 Asia/Tokyo] POSTされた！
[26-Nov-2019 17:49:37 Asia/Tokyo] PHP Fatal error:  Uncaught Error: Call to a member function getName() on string in /Applications/MAMP/htdocs/kurorekishi/index.php:213
Stack trace:
#0 {main}
  thrown in /Applications/MAMP/htdocs/kurorekishi/index.php on line 213
[26-Nov-2019 17:49:40 Asia/Tokyo] POSTされた！
[26-Nov-2019 17:49:40 Asia/Tokyo] PHP Fatal error:  Uncaught Error: Call to a member function getName() on string in /Applications/MAMP/htdocs/kurorekishi/index.php:213
Stack trace:
#0 {main}
  thrown in /Applications/MAMP/htdocs/kurorekishi/index.php on line 213
[26-Nov-2019 17:49:41 Asia/Tokyo] POSTされた！
[26-Nov-2019 17:49:41 Asia/Tokyo] PHP Fatal error:  Uncaught Error: Call to a member function getName() on string in /Applications/MAMP/htdocs/kurorekishi/index.php:213
Stack trace:
#0 {main}
  thrown in /Applications/MAMP/htdocs/kurorekishi/index.php on line 213
[26-Nov-2019 17:50:36 Asia/Tokyo] POSTされた！
[26-Nov-2019 17:50:36 Asia/Tokyo] PHP Fatal error:  Uncaught Error: Call to a member function getImg() on string in /Applications/MAMP/htdocs/kurorekishi/index.php:215
Stack trace:
#0 {main}
  thrown in /Applications/MAMP/htdocs/kurorekishi/index.php on line 215
[26-Nov-2019 17:50:41 Asia/Tokyo] POSTされた！
[26-Nov-2019 17:50:41 Asia/Tokyo] PHP Fatal error:  Uncaught Error: Call to a member function getImg() on string in /Applications/MAMP/htdocs/kurorekishi/index.php:215
Stack trace:
#0 {main}
  thrown in /Applications/MAMP/htdocs/kurorekishi/index.php on line 215
[26-Nov-2019 17:50:42 Asia/Tokyo] POSTされた！
[26-Nov-2019 17:50:42 Asia/Tokyo] PHP Fatal error:  Uncaught Error: Call to a member function getImg() on string in /Applications/MAMP/htdocs/kurorekishi/index.php:215
Stack trace:
#0 {main}
  thrown in /Applications/MAMP/htdocs/kurorekishi/index.php on line 215
[26-Nov-2019 17:50:43 Asia/Tokyo] POSTされた！
[26-Nov-2019 17:50:43 Asia/Tokyo] PHP Fatal error:  Uncaught Error: Call to a member function getImg() on string in /Applications/MAMP/htdocs/kurorekishi/index.php:215
Stack trace:
#0 {main}
  thrown in /Applications/MAMP/htdocs/kurorekishi/index.php on line 215
[26-Nov-2019 17:50:44 Asia/Tokyo] POSTされた！
[26-Nov-2019 17:50:44 Asia/Tokyo] PHP Fatal error:  Uncaught Error: Call to a member function getImg() on string in /Applications/MAMP/htdocs/kurorekishi/index.php:215
Stack trace:
#0 {main}
  thrown in /Applications/MAMP/htdocs/kurorekishi/index.php on line 215
[26-Nov-2019 17:50:45 Asia/Tokyo] POSTされた！
[26-Nov-2019 17:50:45 Asia/Tokyo] PHP Fatal error:  Uncaught Error: Call to a member function getImg() on string in /Applications/MAMP/htdocs/kurorekishi/index.php:215
Stack trace:
#0 {main}
  thrown in /Applications/MAMP/htdocs/kurorekishi/index.php on line 215
[26-Nov-2019 17:50:46 Asia/Tokyo] POSTされた！
[26-Nov-2019 17:50:46 Asia/Tokyo] PHP Fatal error:  Uncaught Error: Call to a member function getImg() on string in /Applications/MAMP/htdocs/kurorekishi/index.php:215
Stack trace:
#0 {main}
  thrown in /Applications/MAMP/htdocs/kurorekishi/index.php on line 215
[26-Nov-2019 17:50:48 Asia/Tokyo] POSTされた！
[26-Nov-2019 17:50:48 Asia/Tokyo] PHP Fatal error:  Uncaught Error: Call to a member function getImg() on string in /Applications/MAMP/htdocs/kurorekishi/index.php:215
Stack trace:
#0 {main}
  thrown in /Applications/MAMP/htdocs/kurorekishi/index.php on line 215
[26-Nov-2019 17:50:49 Asia/Tokyo] POSTされた！
[26-Nov-2019 17:50:49 Asia/Tokyo] PHP Fatal error:  Uncaught Error: Call to a member function getImg() on string in /Applications/MAMP/htdocs/kurorekishi/index.php:215
Stack trace:
#0 {main}
  thrown in /Applications/MAMP/htdocs/kurorekishi/index.php on line 215
[26-Nov-2019 17:50:51 Asia/Tokyo] POSTされた！
[26-Nov-2019 17:50:51 Asia/Tokyo] PHP Fatal error:  Uncaught Error: Call to a member function getImg() on string in /Applications/MAMP/htdocs/kurorekishi/index.php:215
Stack trace:
#0 {main}
  thrown in /Applications/MAMP/htdocs/kurorekishi/index.php on line 215
[26-Nov-2019 17:50:52 Asia/Tokyo] POSTされた！
[26-Nov-2019 17:50:52 Asia/Tokyo] PHP Fatal error:  Uncaught Error: Call to a member function getImg() on string in /Applications/MAMP/htdocs/kurorekishi/index.php:215
Stack trace:
#0 {main}
  thrown in /Applications/MAMP/htdocs/kurorekishi/index.php on line 215
[26-Nov-2019 17:50:53 Asia/Tokyo] POSTされた！
[26-Nov-2019 17:50:53 Asia/Tokyo] PHP Fatal error:  Uncaught Error: Call to a member function getImg() on string in /Applications/MAMP/htdocs/kurorekishi/index.php:215
Stack trace:
#0 {main}
  thrown in /Applications/MAMP/htdocs/kurorekishi/index.php on line 215
[26-Nov-2019 17:50:55 Asia/Tokyo] POSTされた！
[26-Nov-2019 17:50:55 Asia/Tokyo] PHP Fatal error:  Uncaught Error: Call to a member function getImg() on string in /Applications/MAMP/htdocs/kurorekishi/index.php:215
Stack trace:
#0 {main}
  thrown in /Applications/MAMP/htdocs/kurorekishi/index.php on line 215
[26-Nov-2019 17:50:57 Asia/Tokyo] POSTされた！
[26-Nov-2019 17:50:57 Asia/Tokyo] PHP Fatal error:  Uncaught Error: Call to a member function getImg() on string in /Applications/MAMP/htdocs/kurorekishi/index.php:215
Stack trace:
#0 {main}
  thrown in /Applications/MAMP/htdocs/kurorekishi/index.php on line 215
[26-Nov-2019 17:50:58 Asia/Tokyo] POSTされた！
[26-Nov-2019 17:50:58 Asia/Tokyo] PHP Fatal error:  Uncaught Error: Call to a member function getImg() on string in /Applications/MAMP/htdocs/kurorekishi/index.php:215
Stack trace:
#0 {main}
  thrown in /Applications/MAMP/htdocs/kurorekishi/index.php on line 215
[26-Nov-2019 17:50:59 Asia/Tokyo] POSTされた！
[26-Nov-2019 17:50:59 Asia/Tokyo] PHP Fatal error:  Uncaught Error: Call to a member function getImg() on string in /Applications/MAMP/htdocs/kurorekishi/index.php:215
Stack trace:
#0 {main}
  thrown in /Applications/MAMP/htdocs/kurorekishi/index.php on line 215
[26-Nov-2019 17:51:00 Asia/Tokyo] POSTされた！
[26-Nov-2019 17:51:00 Asia/Tokyo] PHP Fatal error:  Uncaught Error: Call to a member function getImg() on string in /Applications/MAMP/htdocs/kurorekishi/index.php:215
Stack trace:
#0 {main}
  thrown in /Applications/MAMP/htdocs/kurorekishi/index.php on line 215
[26-Nov-2019 17:51:15 Asia/Tokyo] PHP Fatal error:  Uncaught Error: Call to a member function getName() on array in /Applications/MAMP/htdocs/kurorekishi/index.php:213
Stack trace:
#0 {main}
  thrown in /Applications/MAMP/htdocs/kurorekishi/index.php on line 213
[26-Nov-2019 17:51:16 Asia/Tokyo] PHP Fatal error:  Uncaught Error: Call to a member function getName() on array in /Applications/MAMP/htdocs/kurorekishi/index.php:213
Stack trace:
#0 {main}
  thrown in /Applications/MAMP/htdocs/kurorekishi/index.php on line 213
[26-Nov-2019 17:51:17 Asia/Tokyo] PHP Fatal error:  Uncaught Error: Call to a member function getName() on array in /Applications/MAMP/htdocs/kurorekishi/index.php:213
Stack trace:
#0 {main}
  thrown in /Applications/MAMP/htdocs/kurorekishi/index.php on line 213
[26-Nov-2019 17:51:48 Asia/Tokyo] PHP Fatal error:  Uncaught Error: Call to a member function getName() on array in /Applications/MAMP/htdocs/kurorekishi/index.php:213
Stack trace:
#0 {main}
  thrown in /Applications/MAMP/htdocs/kurorekishi/index.php on line 213
[26-Nov-2019 17:51:49 Asia/Tokyo] PHP Fatal error:  Uncaught Error: Call to a member function getName() on array in /Applications/MAMP/htdocs/kurorekishi/index.php:213
Stack trace:
#0 {main}
  thrown in /Applications/MAMP/htdocs/kurorekishi/index.php on line 213
[26-Nov-2019 17:51:49 Asia/Tokyo] PHP Fatal error:  Uncaught Error: Call to a member function getName() on array in /Applications/MAMP/htdocs/kurorekishi/index.php:213
Stack trace:
#0 {main}
  thrown in /Applications/MAMP/htdocs/kurorekishi/index.php on line 213
[26-Nov-2019 17:51:58 Asia/Tokyo] PHP Fatal error:  Uncaught Error: Call to a member function getName() on array in /Applications/MAMP/htdocs/kurorekishi/index.php:213
Stack trace:
#0 {main}
  thrown in /Applications/MAMP/htdocs/kurorekishi/index.php on line 213
[26-Nov-2019 17:52:02 Asia/Tokyo] PHP Fatal error:  Uncaught Error: Call to a member function getName() on array in /Applications/MAMP/htdocs/kurorekishi/index.php:213
Stack trace:
#0 {main}
  thrown in /Applications/MAMP/htdocs/kurorekishi/index.php on line 213
[26-Nov-2019 17:53:37 Asia/Tokyo] PHP Fatal error:  Uncaught Error: Call to a member function getName() on array in /Applications/MAMP/htdocs/kurorekishi/index.php:213
Stack trace:
#0 {main}
  thrown in /Applications/MAMP/htdocs/kurorekishi/index.php on line 213
[26-Nov-2019 17:53:38 Asia/Tokyo] PHP Fatal error:  Uncaught Error: Call to a member function getName() on array in /Applications/MAMP/htdocs/kurorekishi/index.php:213
Stack trace:
#0 {main}
  thrown in /Applications/MAMP/htdocs/kurorekishi/index.php on line 213
[26-Nov-2019 17:53:38 Asia/Tokyo] PHP Fatal error:  Uncaught Error: Call to a member function getName() on array in /Applications/MAMP/htdocs/kurorekishi/index.php:213
Stack trace:
#0 {main}
  thrown in /Applications/MAMP/htdocs/kurorekishi/index.php on line 213
[26-Nov-2019 17:53:38 Asia/Tokyo] PHP Fatal error:  Uncaught Error: Call to a member function getName() on array in /Applications/MAMP/htdocs/kurorekishi/index.php:213
Stack trace:
#0 {main}
  thrown in /Applications/MAMP/htdocs/kurorekishi/index.php on line 213
[26-Nov-2019 17:53:39 Asia/Tokyo] PHP Fatal error:  Uncaught Error: Call to a member function getName() on array in /Applications/MAMP/htdocs/kurorekishi/index.php:213
Stack trace:
#0 {main}
  thrown in /Applications/MAMP/htdocs/kurorekishi/index.php on line 213
[26-Nov-2019 17:53:41 Asia/Tokyo] POSTされた！
[26-Nov-2019 17:53:41 Asia/Tokyo] PHP Fatal error:  Uncaught Error: Call to a member function getImg() on string in /Applications/MAMP/htdocs/kurorekishi/index.php:215
Stack trace:
#0 {main}
  thrown in /Applications/MAMP/htdocs/kurorekishi/index.php on line 215
[26-Nov-2019 17:53:44 Asia/Tokyo] POSTされた！
[26-Nov-2019 17:53:44 Asia/Tokyo] PHP Fatal error:  Uncaught Error: Call to a member function getImg() on string in /Applications/MAMP/htdocs/kurorekishi/index.php:215
Stack trace:
#0 {main}
  thrown in /Applications/MAMP/htdocs/kurorekishi/index.php on line 215
[26-Nov-2019 17:53:45 Asia/Tokyo] POSTされた！
[26-Nov-2019 17:53:45 Asia/Tokyo] PHP Fatal error:  Uncaught Error: Call to a member function getImg() on string in /Applications/MAMP/htdocs/kurorekishi/index.php:215
Stack trace:
#0 {main}
  thrown in /Applications/MAMP/htdocs/kurorekishi/index.php on line 215
[26-Nov-2019 17:53:47 Asia/Tokyo] POSTされた！
[26-Nov-2019 17:53:47 Asia/Tokyo] PHP Fatal error:  Uncaught Error: Call to a member function getImg() on string in /Applications/MAMP/htdocs/kurorekishi/index.php:215
Stack trace:
#0 {main}
  thrown in /Applications/MAMP/htdocs/kurorekishi/index.php on line 215
[26-Nov-2019 17:53:48 Asia/Tokyo] POSTされた！
[26-Nov-2019 17:53:48 Asia/Tokyo] PHP Fatal error:  Uncaught Error: Call to a member function getImg() on string in /Applications/MAMP/htdocs/kurorekishi/index.php:215
Stack trace:
#0 {main}
  thrown in /Applications/MAMP/htdocs/kurorekishi/index.php on line 215
[26-Nov-2019 17:55:03 Asia/Tokyo] POSTされた！
[26-Nov-2019 17:55:03 Asia/Tokyo] PHP Fatal error:  Uncaught Error: Call to a member function getImg() on string in /Applications/MAMP/htdocs/kurorekishi/index.php:215
Stack trace:
#0 {main}
  thrown in /Applications/MAMP/htdocs/kurorekishi/index.php on line 215
[26-Nov-2019 17:55:17 Asia/Tokyo] POSTされた！
[26-Nov-2019 17:55:17 Asia/Tokyo] PHP Fatal error:  Uncaught Error: Call to a member function getImg() on string in /Applications/MAMP/htdocs/kurorekishi/index.php:215
Stack trace:
#0 {main}
  thrown in /Applications/MAMP/htdocs/kurorekishi/index.php on line 215
[26-Nov-2019 17:55:19 Asia/Tokyo] POSTされた！
[26-Nov-2019 17:55:19 Asia/Tokyo] PHP Fatal error:  Uncaught Error: Call to a member function getImg() on string in /Applications/MAMP/htdocs/kurorekishi/index.php:215
Stack trace:
#0 {main}
  thrown in /Applications/MAMP/htdocs/kurorekishi/index.php on line 215
[26-Nov-2019 17:56:11 Asia/Tokyo] POSTされた！
[26-Nov-2019 17:56:11 Asia/Tokyo] PHP Fatal error:  Uncaught Error: Call to a member function getImg() on string in /Applications/MAMP/htdocs/kurorekishi/index.php:215
Stack trace:
#0 {main}
  thrown in /Applications/MAMP/htdocs/kurorekishi/index.php on line 215
[26-Nov-2019 17:56:16 Asia/Tokyo] POSTされた！
[26-Nov-2019 17:56:16 Asia/Tokyo] PHP Fatal error:  Uncaught Error: Call to a member function getImg() on string in /Applications/MAMP/htdocs/kurorekishi/index.php:215
Stack trace:
#0 {main}
  thrown in /Applications/MAMP/htdocs/kurorekishi/index.php on line 215
[26-Nov-2019 17:56:17 Asia/Tokyo] POSTされた！
[26-Nov-2019 17:56:17 Asia/Tokyo] PHP Fatal error:  Uncaught Error: Call to a member function getImg() on string in /Applications/MAMP/htdocs/kurorekishi/index.php:215
Stack trace:
#0 {main}
  thrown in /Applications/MAMP/htdocs/kurorekishi/index.php on line 215
[26-Nov-2019 17:56:18 Asia/Tokyo] POSTされた！
[26-Nov-2019 17:56:18 Asia/Tokyo] PHP Fatal error:  Uncaught Error: Call to a member function getImg() on string in /Applications/MAMP/htdocs/kurorekishi/index.php:215
Stack trace:
#0 {main}
  thrown in /Applications/MAMP/htdocs/kurorekishi/index.php on line 215
[26-Nov-2019 17:56:19 Asia/Tokyo] POSTされた！
[26-Nov-2019 17:56:19 Asia/Tokyo] PHP Fatal error:  Uncaught Error: Call to a member function getImg() on string in /Applications/MAMP/htdocs/kurorekishi/index.php:215
Stack trace:
#0 {main}
  thrown in /Applications/MAMP/htdocs/kurorekishi/index.php on line 215
[26-Nov-2019 17:56:29 Asia/Tokyo] POSTされた！
[26-Nov-2019 17:56:29 Asia/Tokyo] PHP Fatal error:  Uncaught Error: Call to a member function getImg() on string in /Applications/MAMP/htdocs/kurorekishi/index.php:215
Stack trace:
#0 {main}
  thrown in /Applications/MAMP/htdocs/kurorekishi/index.php on line 215
[26-Nov-2019 17:56:30 Asia/Tokyo] POSTされた！
[26-Nov-2019 17:56:30 Asia/Tokyo] PHP Fatal error:  Uncaught Error: Call to a member function getImg() on string in /Applications/MAMP/htdocs/kurorekishi/index.php:215
Stack trace:
#0 {main}
  thrown in /Applications/MAMP/htdocs/kurorekishi/index.php on line 215
[26-Nov-2019 17:56:31 Asia/Tokyo] POSTされた！
[26-Nov-2019 17:56:31 Asia/Tokyo] PHP Fatal error:  Uncaught Error: Call to a member function getImg() on string in /Applications/MAMP/htdocs/kurorekishi/index.php:215
Stack trace:
#0 {main}
  thrown in /Applications/MAMP/htdocs/kurorekishi/index.php on line 215
[26-Nov-2019 17:56:32 Asia/Tokyo] POSTされた！
[26-Nov-2019 17:56:32 Asia/Tokyo] PHP Fatal error:  Uncaught Error: Call to a member function getImg() on string in /Applications/MAMP/htdocs/kurorekishi/index.php:215
Stack trace:
#0 {main}
  thrown in /Applications/MAMP/htdocs/kurorekishi/index.php on line 215
[26-Nov-2019 17:56:33 Asia/Tokyo] POSTされた！
[26-Nov-2019 17:56:33 Asia/Tokyo] PHP Fatal error:  Uncaught Error: Call to a member function getImg() on string in /Applications/MAMP/htdocs/kurorekishi/index.php:215
Stack trace:
#0 {main}
  thrown in /Applications/MAMP/htdocs/kurorekishi/index.php on line 215
[26-Nov-2019 17:56:35 Asia/Tokyo] POSTされた！
[26-Nov-2019 17:56:35 Asia/Tokyo] PHP Fatal error:  Uncaught Error: Call to a member function getImg() on string in /Applications/MAMP/htdocs/kurorekishi/index.php:215
Stack trace:
#0 {main}
  thrown in /Applications/MAMP/htdocs/kurorekishi/index.php on line 215
[26-Nov-2019 17:56:48 Asia/Tokyo] POSTされた！
[26-Nov-2019 17:56:48 Asia/Tokyo] PHP Fatal error:  Uncaught Error: Call to a member function getImg() on string in /Applications/MAMP/htdocs/kurorekishi/index.php:215
Stack trace:
#0 {main}
  thrown in /Applications/MAMP/htdocs/kurorekishi/index.php on line 215
[26-Nov-2019 17:56:57 Asia/Tokyo] POSTされた！
[26-Nov-2019 17:56:57 Asia/Tokyo] PHP Fatal error:  Uncaught Error: Call to a member function getImg() on string in /Applications/MAMP/htdocs/kurorekishi/index.php:215
Stack trace:
#0 {main}
  thrown in /Applications/MAMP/htdocs/kurorekishi/index.php on line 215
[26-Nov-2019 17:56:59 Asia/Tokyo] POSTされた！
[26-Nov-2019 17:56:59 Asia/Tokyo] PHP Fatal error:  Uncaught Error: Call to a member function getImg() on string in /Applications/MAMP/htdocs/kurorekishi/index.php:215
Stack trace:
#0 {main}
  thrown in /Applications/MAMP/htdocs/kurorekishi/index.php on line 215
[26-Nov-2019 17:57:00 Asia/Tokyo] POSTされた！
[26-Nov-2019 17:57:00 Asia/Tokyo] PHP Fatal error:  Uncaught Error: Call to a member function getImg() on string in /Applications/MAMP/htdocs/kurorekishi/index.php:215
Stack trace:
#0 {main}
  thrown in /Applications/MAMP/htdocs/kurorekishi/index.php on line 215
[26-Nov-2019 17:57:02 Asia/Tokyo] POSTされた！
[26-Nov-2019 17:57:02 Asia/Tokyo] PHP Fatal error:  Uncaught Error: Call to a member function getImg() on string in /Applications/MAMP/htdocs/kurorekishi/index.php:215
Stack trace:
#0 {main}
  thrown in /Applications/MAMP/htdocs/kurorekishi/index.php on line 215
[26-Nov-2019 18:03:32 Asia/Tokyo] PHP Fatal error:  Uncaught Error: Call to a member function getName() on array in /Applications/MAMP/htdocs/kurorekishi/index.php:213
Stack trace:
#0 {main}
  thrown in /Applications/MAMP/htdocs/kurorekishi/index.php on line 213
[26-Nov-2019 18:03:33 Asia/Tokyo] PHP Fatal error:  Uncaught Error: Call to a member function getName() on array in /Applications/MAMP/htdocs/kurorekishi/index.php:213
Stack trace:
#0 {main}
  thrown in /Applications/MAMP/htdocs/kurorekishi/index.php on line 213
[26-Nov-2019 18:03:34 Asia/Tokyo] PHP Fatal error:  Uncaught Error: Call to a member function getName() on array in /Applications/MAMP/htdocs/kurorekishi/index.php:213
Stack trace:
#0 {main}
  thrown in /Applications/MAMP/htdocs/kurorekishi/index.php on line 213
[26-Nov-2019 18:03:37 Asia/Tokyo] POSTされた！
[26-Nov-2019 18:03:37 Asia/Tokyo] PHP Fatal error:  Uncaught Error: Call to a member function getImg() on string in /Applications/MAMP/htdocs/kurorekishi/index.php:215
Stack trace:
#0 {main}
  thrown in /Applications/MAMP/htdocs/kurorekishi/index.php on line 215
[26-Nov-2019 18:03:38 Asia/Tokyo] POSTされた！
[26-Nov-2019 18:03:38 Asia/Tokyo] PHP Fatal error:  Uncaught Error: Call to a member function getImg() on string in /Applications/MAMP/htdocs/kurorekishi/index.php:215
Stack trace:
#0 {main}
  thrown in /Applications/MAMP/htdocs/kurorekishi/index.php on line 215
[26-Nov-2019 18:03:46 Asia/Tokyo] PHP Fatal error:  Uncaught Error: Call to a member function getName() on array in /Applications/MAMP/htdocs/kurorekishi/index.php:213
Stack trace:
#0 {main}
  thrown in /Applications/MAMP/htdocs/kurorekishi/index.php on line 213
[26-Nov-2019 18:03:47 Asia/Tokyo] PHP Fatal error:  Uncaught Error: Call to a member function getName() on array in /Applications/MAMP/htdocs/kurorekishi/index.php:213
Stack trace:
#0 {main}
  thrown in /Applications/MAMP/htdocs/kurorekishi/index.php on line 213
[26-Nov-2019 18:04:36 Asia/Tokyo] PHP Fatal error:  Uncaught Error: Call to a member function getName() on array in /Applications/MAMP/htdocs/kurorekishi/index.php:213
Stack trace:
#0 {main}
  thrown in /Applications/MAMP/htdocs/kurorekishi/index.php on line 213
[26-Nov-2019 18:04:36 Asia/Tokyo] PHP Fatal error:  Uncaught Error: Call to a member function getName() on array in /Applications/MAMP/htdocs/kurorekishi/index.php:213
Stack trace:
#0 {main}
  thrown in /Applications/MAMP/htdocs/kurorekishi/index.php on line 213
[26-Nov-2019 18:04:38 Asia/Tokyo] POSTされた！
[26-Nov-2019 18:04:41 Asia/Tokyo] POSTされた！
[26-Nov-2019 18:04:41 Asia/Tokyo] PHP Fatal error:  main(): The script tried to execute a method or access a property of an incomplete object. Please ensure that the class definition &quot;Monster&quot; of the object you are trying to operate on was loaded _before_ unserialize() gets called or provide an autoloader to load the class definition in /Applications/MAMP/htdocs/kurorekishi/index.php on line 116
[26-Nov-2019 18:04:57 Asia/Tokyo] POSTされた！
[26-Nov-2019 18:04:59 Asia/Tokyo] POSTされた！
[26-Nov-2019 18:05:06 Asia/Tokyo] POSTされた！
[26-Nov-2019 18:05:11 Asia/Tokyo] POSTされた！
[26-Nov-2019 18:05:12 Asia/Tokyo] POSTされた！
[26-Nov-2019 18:05:12 Asia/Tokyo] PHP Notice:  Undefined index: hp in /Applications/MAMP/htdocs/kurorekishi/index.php on line 217
[26-Nov-2019 18:05:14 Asia/Tokyo] POSTされた！
[26-Nov-2019 18:05:14 Asia/Tokyo] PHP Notice:  Undefined index: hp in /Applications/MAMP/htdocs/kurorekishi/index.php on line 217
[26-Nov-2019 18:05:18 Asia/Tokyo] POSTされた！
[26-Nov-2019 18:05:18 Asia/Tokyo] PHP Notice:  Undefined index: hp in /Applications/MAMP/htdocs/kurorekishi/index.php on line 217
[26-Nov-2019 18:05:20 Asia/Tokyo] POSTされた！
[26-Nov-2019 18:05:20 Asia/Tokyo] PHP Notice:  Undefined index: hp in /Applications/MAMP/htdocs/kurorekishi/index.php on line 217
[26-Nov-2019 18:05:21 Asia/Tokyo] POSTされた！
[26-Nov-2019 18:05:21 Asia/Tokyo] PHP Notice:  Undefined index: hp in /Applications/MAMP/htdocs/kurorekishi/index.php on line 217
[26-Nov-2019 18:05:21 Asia/Tokyo] POSTされた！
[26-Nov-2019 18:05:21 Asia/Tokyo] PHP Notice:  Undefined index: hp in /Applications/MAMP/htdocs/kurorekishi/index.php on line 217
[26-Nov-2019 18:05:22 Asia/Tokyo] POSTされた！
[26-Nov-2019 18:05:22 Asia/Tokyo] PHP Notice:  Undefined index: hp in /Applications/MAMP/htdocs/kurorekishi/index.php on line 217
[26-Nov-2019 18:05:22 Asia/Tokyo] POSTされた！
[26-Nov-2019 18:05:23 Asia/Tokyo] POSTされた！
[26-Nov-2019 18:05:23 Asia/Tokyo] PHP Notice:  Undefined index: hp in /Applications/MAMP/htdocs/kurorekishi/index.php on line 217
[26-Nov-2019 18:05:27 Asia/Tokyo] POSTされた！
[26-Nov-2019 18:05:27 Asia/Tokyo] PHP Notice:  Undefined index: hp in /Applications/MAMP/htdocs/kurorekishi/index.php on line 217
[26-Nov-2019 18:05:28 Asia/Tokyo] POSTされた！
[26-Nov-2019 18:05:28 Asia/Tokyo] PHP Notice:  Undefined index: hp in /Applications/MAMP/htdocs/kurorekishi/index.php on line 217
[26-Nov-2019 18:05:28 Asia/Tokyo] POSTされた！
[26-Nov-2019 18:05:28 Asia/Tokyo] PHP Notice:  Undefined index: hp in /Applications/MAMP/htdocs/kurorekishi/index.php on line 217
[26-Nov-2019 18:05:29 Asia/Tokyo] POSTされた！
[26-Nov-2019 18:05:29 Asia/Tokyo] PHP Notice:  Undefined index: hp in /Applications/MAMP/htdocs/kurorekishi/index.php on line 217
[26-Nov-2019 18:05:30 Asia/Tokyo] POSTされた！
[26-Nov-2019 18:05:30 Asia/Tokyo] PHP Notice:  Undefined index: hp in /Applications/MAMP/htdocs/kurorekishi/index.php on line 217
[26-Nov-2019 18:05:51 Asia/Tokyo] POSTされた！
[26-Nov-2019 18:05:51 Asia/Tokyo] PHP Notice:  Undefined index: hp in /Applications/MAMP/htdocs/kurorekishi/index.php on line 217
[26-Nov-2019 18:05:52 Asia/Tokyo] POSTされた！
[26-Nov-2019 18:05:52 Asia/Tokyo] PHP Notice:  Undefined index: hp in /Applications/MAMP/htdocs/kurorekishi/index.php on line 217
[26-Nov-2019 18:05:53 Asia/Tokyo] POSTされた！
[26-Nov-2019 18:05:54 Asia/Tokyo] POSTされた！
[26-Nov-2019 18:05:54 Asia/Tokyo] PHP Notice:  Undefined index: hp in /Applications/MAMP/htdocs/kurorekishi/index.php on line 217
[26-Nov-2019 18:05:56 Asia/Tokyo] POSTされた！
[26-Nov-2019 18:05:56 Asia/Tokyo] PHP Notice:  Undefined index: hp in /Applications/MAMP/htdocs/kurorekishi/index.php on line 217
[26-Nov-2019 18:05:56 Asia/Tokyo] POSTされた！
[26-Nov-2019 18:05:56 Asia/Tokyo] PHP Notice:  Undefined index: hp in /Applications/MAMP/htdocs/kurorekishi/index.php on line 217
[26-Nov-2019 18:05:57 Asia/Tokyo] POSTされた！
[26-Nov-2019 18:05:57 Asia/Tokyo] PHP Notice:  Undefined index: hp in /Applications/MAMP/htdocs/kurorekishi/index.php on line 217
[26-Nov-2019 18:05:57 Asia/Tokyo] POSTされた！
[26-Nov-2019 18:05:57 Asia/Tokyo] PHP Notice:  Undefined index: hp in /Applications/MAMP/htdocs/kurorekishi/index.php on line 217
[26-Nov-2019 18:05:57 Asia/Tokyo] POSTされた！
[26-Nov-2019 18:05:57 Asia/Tokyo] PHP Notice:  Undefined index: hp in /Applications/MAMP/htdocs/kurorekishi/index.php on line 217
[26-Nov-2019 18:05:58 Asia/Tokyo] POSTされた！
[26-Nov-2019 18:05:58 Asia/Tokyo] PHP Notice:  Undefined index: hp in /Applications/MAMP/htdocs/kurorekishi/index.php on line 217
[26-Nov-2019 18:06:00 Asia/Tokyo] POSTされた！
[26-Nov-2019 18:06:00 Asia/Tokyo] PHP Notice:  Undefined index: hp in /Applications/MAMP/htdocs/kurorekishi/index.php on line 217
[26-Nov-2019 18:06:04 Asia/Tokyo] POSTされた！
[26-Nov-2019 18:06:05 Asia/Tokyo] POSTされた！
[26-Nov-2019 18:06:05 Asia/Tokyo] PHP Notice:  Undefined index: hp in /Applications/MAMP/htdocs/kurorekishi/index.php on line 217
[26-Nov-2019 18:06:08 Asia/Tokyo] POSTされた！
[26-Nov-2019 18:06:08 Asia/Tokyo] PHP Notice:  Undefined index: hp in /Applications/MAMP/htdocs/kurorekishi/index.php on line 217
[26-Nov-2019 18:06:10 Asia/Tokyo] POSTされた！
[26-Nov-2019 18:06:10 Asia/Tokyo] PHP Notice:  Undefined index: hp in /Applications/MAMP/htdocs/kurorekishi/index.php on line 217
[26-Nov-2019 18:06:11 Asia/Tokyo] POSTされた！
[26-Nov-2019 18:06:11 Asia/Tokyo] PHP Notice:  Undefined index: hp in /Applications/MAMP/htdocs/kurorekishi/index.php on line 217
[26-Nov-2019 18:06:12 Asia/Tokyo] POSTされた！
[26-Nov-2019 18:06:12 Asia/Tokyo] PHP Notice:  Undefined index: hp in /Applications/MAMP/htdocs/kurorekishi/index.php on line 217
[26-Nov-2019 18:06:16 Asia/Tokyo] POSTされた！
[26-Nov-2019 18:06:16 Asia/Tokyo] PHP Notice:  Undefined index: hp in /Applications/MAMP/htdocs/kurorekishi/index.php on line 217
[26-Nov-2019 18:06:17 Asia/Tokyo] POSTされた！
[26-Nov-2019 18:06:17 Asia/Tokyo] PHP Notice:  Undefined index: hp in /Applications/MAMP/htdocs/kurorekishi/index.php on line 217
[26-Nov-2019 18:06:17 Asia/Tokyo] POSTされた！
[26-Nov-2019 18:06:17 Asia/Tokyo] PHP Notice:  Undefined index: hp in /Applications/MAMP/htdocs/kurorekishi/index.php on line 217
[26-Nov-2019 18:06:18 Asia/Tokyo] POSTされた！
[26-Nov-2019 18:06:19 Asia/Tokyo] POSTされた！
[26-Nov-2019 18:06:19 Asia/Tokyo] PHP Notice:  Undefined index: hp in /Applications/MAMP/htdocs/kurorekishi/index.php on line 217
[26-Nov-2019 18:06:20 Asia/Tokyo] POSTされた！
[26-Nov-2019 18:06:20 Asia/Tokyo] PHP Notice:  Undefined index: hp in /Applications/MAMP/htdocs/kurorekishi/index.php on line 217
[26-Nov-2019 18:06:20 Asia/Tokyo] POSTされた！
[26-Nov-2019 18:06:20 Asia/Tokyo] PHP Notice:  Undefined index: hp in /Applications/MAMP/htdocs/kurorekishi/index.php on line 217
[26-Nov-2019 18:06:20 Asia/Tokyo] POSTされた！
[26-Nov-2019 18:06:20 Asia/Tokyo] PHP Notice:  Undefined index: hp in /Applications/MAMP/htdocs/kurorekishi/index.php on line 217
[26-Nov-2019 18:06:21 Asia/Tokyo] POSTされた！
[26-Nov-2019 18:06:21 Asia/Tokyo] PHP Notice:  Undefined index: hp in /Applications/MAMP/htdocs/kurorekishi/index.php on line 217
[26-Nov-2019 18:06:24 Asia/Tokyo] POSTされた！
[26-Nov-2019 18:06:25 Asia/Tokyo] POSTされた！
[26-Nov-2019 18:06:25 Asia/Tokyo] PHP Notice:  Undefined index: hp in /Applications/MAMP/htdocs/kurorekishi/index.php on line 217
[26-Nov-2019 18:06:26 Asia/Tokyo] POSTされた！
[26-Nov-2019 18:06:26 Asia/Tokyo] PHP Notice:  Undefined index: hp in /Applications/MAMP/htdocs/kurorekishi/index.php on line 217
[26-Nov-2019 18:06:26 Asia/Tokyo] POSTされた！
[26-Nov-2019 18:06:26 Asia/Tokyo] PHP Notice:  Undefined index: hp in /Applications/MAMP/htdocs/kurorekishi/index.php on line 217
[26-Nov-2019 18:06:27 Asia/Tokyo] POSTされた！
[26-Nov-2019 18:06:27 Asia/Tokyo] PHP Notice:  Undefined index: hp in /Applications/MAMP/htdocs/kurorekishi/index.php on line 217
[26-Nov-2019 18:06:28 Asia/Tokyo] POSTされた！
[26-Nov-2019 18:06:28 Asia/Tokyo] PHP Notice:  Undefined index: hp in /Applications/MAMP/htdocs/kurorekishi/index.php on line 217
[26-Nov-2019 18:06:29 Asia/Tokyo] POSTされた！
[26-Nov-2019 18:06:29 Asia/Tokyo] PHP Notice:  Undefined index: hp in /Applications/MAMP/htdocs/kurorekishi/index.php on line 217
[26-Nov-2019 18:06:30 Asia/Tokyo] POSTされた！
[26-Nov-2019 18:06:30 Asia/Tokyo] PHP Notice:  Undefined index: hp in /Applications/MAMP/htdocs/kurorekishi/index.php on line 217
[26-Nov-2019 18:06:32 Asia/Tokyo] POSTされた！
[26-Nov-2019 18:06:32 Asia/Tokyo] PHP Notice:  Undefined index: hp in /Applications/MAMP/htdocs/kurorekishi/index.php on line 217
[26-Nov-2019 18:06:33 Asia/Tokyo] POSTされた！
[26-Nov-2019 18:06:33 Asia/Tokyo] PHP Notice:  Undefined index: hp in /Applications/MAMP/htdocs/kurorekishi/index.php on line 217
[26-Nov-2019 18:06:34 Asia/Tokyo] POSTされた！
[26-Nov-2019 18:06:34 Asia/Tokyo] PHP Notice:  Undefined index: hp in /Applications/MAMP/htdocs/kurorekishi/index.php on line 217
[26-Nov-2019 18:06:35 Asia/Tokyo] POSTされた！
[26-Nov-2019 18:06:35 Asia/Tokyo] PHP Notice:  Undefined index: hp in /Applications/MAMP/htdocs/kurorekishi/index.php on line 217
[26-Nov-2019 18:06:35 Asia/Tokyo] POSTされた！
[26-Nov-2019 18:06:35 Asia/Tokyo] PHP Notice:  Undefined index: hp in /Applications/MAMP/htdocs/kurorekishi/index.php on line 217
[26-Nov-2019 18:06:36 Asia/Tokyo] POSTされた！
[26-Nov-2019 18:06:36 Asia/Tokyo] PHP Notice:  Undefined index: hp in /Applications/MAMP/htdocs/kurorekishi/index.php on line 217
[26-Nov-2019 18:06:39 Asia/Tokyo] POSTされた！
[26-Nov-2019 18:06:40 Asia/Tokyo] POSTされた！
[26-Nov-2019 18:06:40 Asia/Tokyo] PHP Notice:  Undefined index: hp in /Applications/MAMP/htdocs/kurorekishi/index.php on line 217
[26-Nov-2019 18:07:34 Asia/Tokyo] POSTされた！
[26-Nov-2019 18:07:35 Asia/Tokyo] POSTされた！
[26-Nov-2019 18:07:37 Asia/Tokyo] POSTされた！
[26-Nov-2019 18:07:38 Asia/Tokyo] POSTされた！
[26-Nov-2019 18:07:39 Asia/Tokyo] POSTされた！
[26-Nov-2019 18:07:41 Asia/Tokyo] POSTされた！
[26-Nov-2019 18:07:41 Asia/Tokyo] POSTされた！
[26-Nov-2019 18:07:42 Asia/Tokyo] POSTされた！
[26-Nov-2019 18:07:43 Asia/Tokyo] POSTされた！
[26-Nov-2019 18:07:45 Asia/Tokyo] POSTされた！
[26-Nov-2019 18:07:46 Asia/Tokyo] POSTされた！
[26-Nov-2019 18:07:46 Asia/Tokyo] POSTされた！
[26-Nov-2019 18:07:46 Asia/Tokyo] POSTされた！
[26-Nov-2019 18:07:47 Asia/Tokyo] POSTされた！
[26-Nov-2019 18:07:48 Asia/Tokyo] POSTされた！
[26-Nov-2019 18:07:48 Asia/Tokyo] POSTされた！
[26-Nov-2019 18:07:49 Asia/Tokyo] POSTされた！
[26-Nov-2019 18:07:49 Asia/Tokyo] POSTされた！
[26-Nov-2019 18:07:51 Asia/Tokyo] POSTされた！
[26-Nov-2019 18:07:53 Asia/Tokyo] POSTされた！
[26-Nov-2019 18:07:53 Asia/Tokyo] POSTされた！
[26-Nov-2019 18:07:54 Asia/Tokyo] POSTされた！
[26-Nov-2019 18:07:55 Asia/Tokyo] POSTされた！
[26-Nov-2019 18:07:56 Asia/Tokyo] POSTされた！
[26-Nov-2019 18:07:57 Asia/Tokyo] POSTされた！
[26-Nov-2019 18:07:57 Asia/Tokyo] POSTされた！
[26-Nov-2019 18:07:59 Asia/Tokyo] POSTされた！
[26-Nov-2019 18:08:02 Asia/Tokyo] POSTされた！
[26-Nov-2019 18:08:03 Asia/Tokyo] POSTされた！
[26-Nov-2019 18:08:04 Asia/Tokyo] POSTされた！
[26-Nov-2019 18:08:05 Asia/Tokyo] POSTされた！
[26-Nov-2019 18:08:05 Asia/Tokyo] POSTされた！
[26-Nov-2019 18:08:06 Asia/Tokyo] POSTされた！
[26-Nov-2019 18:08:07 Asia/Tokyo] POSTされた！
[26-Nov-2019 18:08:07 Asia/Tokyo] POSTされた！
[26-Nov-2019 18:08:08 Asia/Tokyo] POSTされた！
[26-Nov-2019 18:08:08 Asia/Tokyo] POSTされた！
[26-Nov-2019 18:08:08 Asia/Tokyo] POSTされた！
[26-Nov-2019 18:08:12 Asia/Tokyo] PHP Fatal error:  Uncaught Error: Call to a member function getName() on array in /Applications/MAMP/htdocs/kurorekishi/index.php:213
Stack trace:
#0 {main}
  thrown in /Applications/MAMP/htdocs/kurorekishi/index.php on line 213
[26-Nov-2019 18:09:52 Asia/Tokyo] POSTされた！
[26-Nov-2019 18:09:52 Asia/Tokyo] PHP Notice:  Undefined index: history in /Applications/MAMP/htdocs/kurorekishi/index.php on line 112
[26-Nov-2019 18:09:52 Asia/Tokyo] PHP Notice:  Undefined index: rekishi in /Applications/MAMP/htdocs/kurorekishi/index.php on line 116
[26-Nov-2019 18:09:52 Asia/Tokyo] PHP Fatal error:  Uncaught Error: Call to a member function setHp() on null in /Applications/MAMP/htdocs/kurorekishi/index.php:116
Stack trace:
#0 {main}
  thrown in /Applications/MAMP/htdocs/kurorekishi/index.php on line 116
[26-Nov-2019 18:09:53 Asia/Tokyo] POSTされた！
[26-Nov-2019 18:09:53 Asia/Tokyo] PHP Notice:  Undefined index: rekishi in /Applications/MAMP/htdocs/kurorekishi/index.php on line 116
[26-Nov-2019 18:09:53 Asia/Tokyo] PHP Fatal error:  Uncaught Error: Call to a member function setHp() on null in /Applications/MAMP/htdocs/kurorekishi/index.php:116
Stack trace:
#0 {main}
  thrown in /Applications/MAMP/htdocs/kurorekishi/index.php on line 116
[26-Nov-2019 18:09:55 Asia/Tokyo] POSTされた！
[26-Nov-2019 18:09:55 Asia/Tokyo] PHP Notice:  Undefined index: rekishi in /Applications/MAMP/htdocs/kurorekishi/index.php on line 116
[26-Nov-2019 18:09:55 Asia/Tokyo] PHP Fatal error:  Uncaught Error: Call to a member function setHp() on null in /Applications/MAMP/htdocs/kurorekishi/index.php:116
Stack trace:
#0 {main}
  thrown in /Applications/MAMP/htdocs/kurorekishi/index.php on line 116
[26-Nov-2019 18:09:56 Asia/Tokyo] POSTされた！
[26-Nov-2019 18:09:56 Asia/Tokyo] PHP Notice:  Undefined index: rekishi in /Applications/MAMP/htdocs/kurorekishi/index.php on line 116
[26-Nov-2019 18:09:56 Asia/Tokyo] PHP Fatal error:  Uncaught Error: Call to a member function setHp() on null in /Applications/MAMP/htdocs/kurorekishi/index.php:116
Stack trace:
#0 {main}
  thrown in /Applications/MAMP/htdocs/kurorekishi/index.php on line 116
[26-Nov-2019 18:09:57 Asia/Tokyo] POSTされた！
[26-Nov-2019 18:09:57 Asia/Tokyo] PHP Notice:  Undefined index: rekishi in /Applications/MAMP/htdocs/kurorekishi/index.php on line 116
[26-Nov-2019 18:09:57 Asia/Tokyo] PHP Fatal error:  Uncaught Error: Call to a member function setHp() on null in /Applications/MAMP/htdocs/kurorekishi/index.php:116
Stack trace:
#0 {main}
  thrown in /Applications/MAMP/htdocs/kurorekishi/index.php on line 116
[26-Nov-2019 18:10:20 Asia/Tokyo] POSTされた！
[26-Nov-2019 18:10:20 Asia/Tokyo] PHP Notice:  Undefined index: rekishi in /Applications/MAMP/htdocs/kurorekishi/index.php on line 116
[26-Nov-2019 18:10:20 Asia/Tokyo] PHP Fatal error:  Uncaught Error: Call to a member function setHp() on null in /Applications/MAMP/htdocs/kurorekishi/index.php:116
Stack trace:
#0 {main}
  thrown in /Applications/MAMP/htdocs/kurorekishi/index.php on line 116
[26-Nov-2019 18:10:30 Asia/Tokyo] POSTされた！
[26-Nov-2019 18:10:30 Asia/Tokyo] PHP Notice:  Undefined index: rekishi in /Applications/MAMP/htdocs/kurorekishi/index.php on line 116
[26-Nov-2019 18:10:30 Asia/Tokyo] PHP Fatal error:  Uncaught Error: Call to a member function setHp() on null in /Applications/MAMP/htdocs/kurorekishi/index.php:116
Stack trace:
#0 {main}
  thrown in /Applications/MAMP/htdocs/kurorekishi/index.php on line 116
[26-Nov-2019 18:10:32 Asia/Tokyo] POSTされた！
[26-Nov-2019 18:10:32 Asia/Tokyo] PHP Notice:  Undefined index: rekishi in /Applications/MAMP/htdocs/kurorekishi/index.php on line 116
[26-Nov-2019 18:10:32 Asia/Tokyo] PHP Fatal error:  Uncaught Error: Call to a member function setHp() on null in /Applications/MAMP/htdocs/kurorekishi/index.php:116
Stack trace:
#0 {main}
  thrown in /Applications/MAMP/htdocs/kurorekishi/index.php on line 116
[26-Nov-2019 18:10:43 Asia/Tokyo] POSTされた！
[26-Nov-2019 18:10:43 Asia/Tokyo] PHP Notice:  Undefined index: rekishi in /Applications/MAMP/htdocs/kurorekishi/index.php on line 116
[26-Nov-2019 18:10:43 Asia/Tokyo] PHP Fatal error:  Uncaught Error: Call to a member function setHp() on null in /Applications/MAMP/htdocs/kurorekishi/index.php:116
Stack trace:
#0 {main}
  thrown in /Applications/MAMP/htdocs/kurorekishi/index.php on line 116
[26-Nov-2019 18:10:47 Asia/Tokyo] PHP Notice:  Undefined index: rekishi in /Applications/MAMP/htdocs/kurorekishi/index.php on line 213
[26-Nov-2019 18:10:47 Asia/Tokyo] PHP Fatal error:  Uncaught Error: Call to a member function getName() on null in /Applications/MAMP/htdocs/kurorekishi/index.php:213
Stack trace:
#0 {main}
  thrown in /Applications/MAMP/htdocs/kurorekishi/index.php on line 213
[26-Nov-2019 18:10:48 Asia/Tokyo] PHP Notice:  Undefined index: rekishi in /Applications/MAMP/htdocs/kurorekishi/index.php on line 213
[26-Nov-2019 18:10:48 Asia/Tokyo] PHP Fatal error:  Uncaught Error: Call to a member function getName() on null in /Applications/MAMP/htdocs/kurorekishi/index.php:213
Stack trace:
#0 {main}
  thrown in /Applications/MAMP/htdocs/kurorekishi/index.php on line 213
[26-Nov-2019 18:10:49 Asia/Tokyo] PHP Notice:  Undefined index: rekishi in /Applications/MAMP/htdocs/kurorekishi/index.php on line 213
[26-Nov-2019 18:10:49 Asia/Tokyo] PHP Fatal error:  Uncaught Error: Call to a member function getName() on null in /Applications/MAMP/htdocs/kurorekishi/index.php:213
Stack trace:
#0 {main}
  thrown in /Applications/MAMP/htdocs/kurorekishi/index.php on line 213
[26-Nov-2019 18:10:50 Asia/Tokyo] PHP Notice:  Undefined index: rekishi in /Applications/MAMP/htdocs/kurorekishi/index.php on line 213
[26-Nov-2019 18:10:50 Asia/Tokyo] PHP Fatal error:  Uncaught Error: Call to a member function getName() on null in /Applications/MAMP/htdocs/kurorekishi/index.php:213
Stack trace:
#0 {main}
  thrown in /Applications/MAMP/htdocs/kurorekishi/index.php on line 213
[26-Nov-2019 18:10:51 Asia/Tokyo] PHP Notice:  Undefined index: rekishi in /Applications/MAMP/htdocs/kurorekishi/index.php on line 213
[26-Nov-2019 18:10:51 Asia/Tokyo] PHP Fatal error:  Uncaught Error: Call to a member function getName() on null in /Applications/MAMP/htdocs/kurorekishi/index.php:213
Stack trace:
#0 {main}
  thrown in /Applications/MAMP/htdocs/kurorekishi/index.php on line 213
[26-Nov-2019 18:10:51 Asia/Tokyo] PHP Notice:  Undefined index: rekishi in /Applications/MAMP/htdocs/kurorekishi/index.php on line 213
[26-Nov-2019 18:10:51 Asia/Tokyo] PHP Fatal error:  Uncaught Error: Call to a member function getName() on null in /Applications/MAMP/htdocs/kurorekishi/index.php:213
Stack trace:
#0 {main}
  thrown in /Applications/MAMP/htdocs/kurorekishi/index.php on line 213
[26-Nov-2019 18:10:51 Asia/Tokyo] PHP Notice:  Undefined index: rekishi in /Applications/MAMP/htdocs/kurorekishi/index.php on line 213
[26-Nov-2019 18:10:51 Asia/Tokyo] PHP Fatal error:  Uncaught Error: Call to a member function getName() on null in /Applications/MAMP/htdocs/kurorekishi/index.php:213
Stack trace:
#0 {main}
  thrown in /Applications/MAMP/htdocs/kurorekishi/index.php on line 213
[26-Nov-2019 18:10:51 Asia/Tokyo] PHP Notice:  Undefined index: rekishi in /Applications/MAMP/htdocs/kurorekishi/index.php on line 213
[26-Nov-2019 18:10:51 Asia/Tokyo] PHP Fatal error:  Uncaught Error: Call to a member function getName() on null in /Applications/MAMP/htdocs/kurorekishi/index.php:213
Stack trace:
#0 {main}
  thrown in /Applications/MAMP/htdocs/kurorekishi/index.php on line 213
[26-Nov-2019 18:11:09 Asia/Tokyo] PHP Notice:  Undefined index: rekishi in /Applications/MAMP/htdocs/kurorekishi/index.php on line 213
[26-Nov-2019 18:11:09 Asia/Tokyo] PHP Fatal error:  Uncaught Error: Call to a member function getName() on null in /Applications/MAMP/htdocs/kurorekishi/index.php:213
Stack trace:
#0 {main}
  thrown in /Applications/MAMP/htdocs/kurorekishi/index.php on line 213
[26-Nov-2019 18:12:09 Asia/Tokyo] PHP Notice:  Undefined index: rekishi in /Applications/MAMP/htdocs/kurorekishi/index.php on line 213
[26-Nov-2019 18:12:09 Asia/Tokyo] PHP Fatal error:  Uncaught Error: Call to a member function getName() on null in /Applications/MAMP/htdocs/kurorekishi/index.php:213
Stack trace:
#0 {main}
  thrown in /Applications/MAMP/htdocs/kurorekishi/index.php on line 213
[26-Nov-2019 18:12:20 Asia/Tokyo] PHP Notice:  Undefined index: rekishi in /Applications/MAMP/htdocs/kurorekishi/index.php on line 213
[26-Nov-2019 18:12:20 Asia/Tokyo] PHP Fatal error:  Uncaught Error: Call to a member function getName() on null in /Applications/MAMP/htdocs/kurorekishi/index.php:213
Stack trace:
#0 {main}
  thrown in /Applications/MAMP/htdocs/kurorekishi/index.php on line 213
[26-Nov-2019 18:12:21 Asia/Tokyo] PHP Notice:  Undefined index: rekishi in /Applications/MAMP/htdocs/kurorekishi/index.php on line 213
[26-Nov-2019 18:12:21 Asia/Tokyo] PHP Fatal error:  Uncaught Error: Call to a member function getName() on null in /Applications/MAMP/htdocs/kurorekishi/index.php:213
Stack trace:
#0 {main}
  thrown in /Applications/MAMP/htdocs/kurorekishi/index.php on line 213
[26-Nov-2019 18:12:24 Asia/Tokyo] PHP Notice:  Undefined index: rekishi in /Applications/MAMP/htdocs/kurorekishi/index.php on line 213
[26-Nov-2019 18:12:24 Asia/Tokyo] PHP Fatal error:  Uncaught Error: Call to a member function getName() on null in /Applications/MAMP/htdocs/kurorekishi/index.php:213
Stack trace:
#0 {main}
  thrown in /Applications/MAMP/htdocs/kurorekishi/index.php on line 213
[26-Nov-2019 18:12:45 Asia/Tokyo] PHP Notice:  Undefined index: rekishi in /Applications/MAMP/htdocs/kurorekishi/index.php on line 213
[26-Nov-2019 18:12:45 Asia/Tokyo] PHP Fatal error:  Uncaught Error: Call to a member function getName() on null in /Applications/MAMP/htdocs/kurorekishi/index.php:213
Stack trace:
#0 {main}
  thrown in /Applications/MAMP/htdocs/kurorekishi/index.php on line 213
[26-Nov-2019 18:15:50 Asia/Tokyo] PHP Notice:  Undefined index: rekishi in /Applications/MAMP/htdocs/kurorekishi/index.php on line 213
[26-Nov-2019 18:15:50 Asia/Tokyo] PHP Fatal error:  Uncaught Error: Call to a member function getName() on null in /Applications/MAMP/htdocs/kurorekishi/index.php:213
Stack trace:
#0 {main}
  thrown in /Applications/MAMP/htdocs/kurorekishi/index.php on line 213
[26-Nov-2019 18:15:51 Asia/Tokyo] PHP Notice:  Undefined index: rekishi in /Applications/MAMP/htdocs/kurorekishi/index.php on line 213
[26-Nov-2019 18:15:51 Asia/Tokyo] PHP Fatal error:  Uncaught Error: Call to a member function getName() on null in /Applications/MAMP/htdocs/kurorekishi/index.php:213
Stack trace:
#0 {main}
  thrown in /Applications/MAMP/htdocs/kurorekishi/index.php on line 213
[26-Nov-2019 18:15:51 Asia/Tokyo] PHP Notice:  Undefined index: rekishi in /Applications/MAMP/htdocs/kurorekishi/index.php on line 213
[26-Nov-2019 18:15:51 Asia/Tokyo] PHP Fatal error:  Uncaught Error: Call to a member function getName() on null in /Applications/MAMP/htdocs/kurorekishi/index.php:213
Stack trace:
#0 {main}
  thrown in /Applications/MAMP/htdocs/kurorekishi/index.php on line 213
[26-Nov-2019 18:15:51 Asia/Tokyo] PHP Notice:  Undefined index: rekishi in /Applications/MAMP/htdocs/kurorekishi/index.php on line 213
[26-Nov-2019 18:15:51 Asia/Tokyo] PHP Fatal error:  Uncaught Error: Call to a member function getName() on null in /Applications/MAMP/htdocs/kurorekishi/index.php:213
Stack trace:
#0 {main}
  thrown in /Applications/MAMP/htdocs/kurorekishi/index.php on line 213
[26-Nov-2019 18:15:51 Asia/Tokyo] PHP Notice:  Undefined index: rekishi in /Applications/MAMP/htdocs/kurorekishi/index.php on line 213
[26-Nov-2019 18:15:51 Asia/Tokyo] PHP Fatal error:  Uncaught Error: Call to a member function getName() on null in /Applications/MAMP/htdocs/kurorekishi/index.php:213
Stack trace:
#0 {main}
  thrown in /Applications/MAMP/htdocs/kurorekishi/index.php on line 213
[26-Nov-2019 18:15:51 Asia/Tokyo] PHP Notice:  Undefined index: rekishi in /Applications/MAMP/htdocs/kurorekishi/index.php on line 213
[26-Nov-2019 18:15:51 Asia/Tokyo] PHP Fatal error:  Uncaught Error: Call to a member function getName() on null in /Applications/MAMP/htdocs/kurorekishi/index.php:213
Stack trace:
#0 {main}
  thrown in /Applications/MAMP/htdocs/kurorekishi/index.php on line 213
[26-Nov-2019 18:15:57 Asia/Tokyo] PHP Notice:  Undefined index: rekishi in /Applications/MAMP/htdocs/kurorekishi/index.php on line 213
[26-Nov-2019 18:15:57 Asia/Tokyo] PHP Fatal error:  Uncaught Error: Call to a member function getName() on null in /Applications/MAMP/htdocs/kurorekishi/index.php:213
Stack trace:
#0 {main}
  thrown in /Applications/MAMP/htdocs/kurorekishi/index.php on line 213
[26-Nov-2019 18:19:54 Asia/Tokyo] PHP Notice:  Undefined index: rekishi in /Applications/MAMP/htdocs/kurorekishi/index.php on line 213
[26-Nov-2019 18:19:54 Asia/Tokyo] PHP Fatal error:  Uncaught Error: Call to a member function getName() on null in /Applications/MAMP/htdocs/kurorekishi/index.php:213
Stack trace:
#0 {main}
  thrown in /Applications/MAMP/htdocs/kurorekishi/index.php on line 213
[26-Nov-2019 18:19:55 Asia/Tokyo] PHP Notice:  Undefined index: rekishi in /Applications/MAMP/htdocs/kurorekishi/index.php on line 213
[26-Nov-2019 18:19:55 Asia/Tokyo] PHP Fatal error:  Uncaught Error: Call to a member function getName() on null in /Applications/MAMP/htdocs/kurorekishi/index.php:213
Stack trace:
#0 {main}
  thrown in /Applications/MAMP/htdocs/kurorekishi/index.php on line 213
[26-Nov-2019 18:19:55 Asia/Tokyo] PHP Notice:  Undefined index: rekishi in /Applications/MAMP/htdocs/kurorekishi/index.php on line 213
[26-Nov-2019 18:19:55 Asia/Tokyo] PHP Fatal error:  Uncaught Error: Call to a member function getName() on null in /Applications/MAMP/htdocs/kurorekishi/index.php:213
Stack trace:
#0 {main}
  thrown in /Applications/MAMP/htdocs/kurorekishi/index.php on line 213
[26-Nov-2019 18:19:55 Asia/Tokyo] PHP Notice:  Undefined index: rekishi in /Applications/MAMP/htdocs/kurorekishi/index.php on line 213
[26-Nov-2019 18:19:55 Asia/Tokyo] PHP Fatal error:  Uncaught Error: Call to a member function getName() on null in /Applications/MAMP/htdocs/kurorekishi/index.php:213
Stack trace:
#0 {main}
  thrown in /Applications/MAMP/htdocs/kurorekishi/index.php on line 213
[26-Nov-2019 18:19:55 Asia/Tokyo] PHP Notice:  Undefined index: rekishi in /Applications/MAMP/htdocs/kurorekishi/index.php on line 213
[26-Nov-2019 18:19:55 Asia/Tokyo] PHP Fatal error:  Uncaught Error: Call to a member function getName() on null in /Applications/MAMP/htdocs/kurorekishi/index.php:213
Stack trace:
#0 {main}
  thrown in /Applications/MAMP/htdocs/kurorekishi/index.php on line 213
[26-Nov-2019 18:19:56 Asia/Tokyo] PHP Notice:  Undefined index: rekishi in /Applications/MAMP/htdocs/kurorekishi/index.php on line 213
[26-Nov-2019 18:19:56 Asia/Tokyo] PHP Fatal error:  Uncaught Error: Call to a member function getName() on null in /Applications/MAMP/htdocs/kurorekishi/index.php:213
Stack trace:
#0 {main}
  thrown in /Applications/MAMP/htdocs/kurorekishi/index.php on line 213
[26-Nov-2019 18:19:56 Asia/Tokyo] PHP Notice:  Undefined index: rekishi in /Applications/MAMP/htdocs/kurorekishi/index.php on line 213
[26-Nov-2019 18:19:56 Asia/Tokyo] PHP Fatal error:  Uncaught Error: Call to a member function getName() on null in /Applications/MAMP/htdocs/kurorekishi/index.php:213
Stack trace:
#0 {main}
  thrown in /Applications/MAMP/htdocs/kurorekishi/index.php on line 213
[26-Nov-2019 18:19:56 Asia/Tokyo] PHP Notice:  Undefined index: rekishi in /Applications/MAMP/htdocs/kurorekishi/index.php on line 213
[26-Nov-2019 18:19:56 Asia/Tokyo] PHP Fatal error:  Uncaught Error: Call to a member function getName() on null in /Applications/MAMP/htdocs/kurorekishi/index.php:213
Stack trace:
#0 {main}
  thrown in /Applications/MAMP/htdocs/kurorekishi/index.php on line 213
[26-Nov-2019 18:20:13 Asia/Tokyo] PHP Fatal error:  Uncaught Error: Call to a member function getName() on array in /Applications/MAMP/htdocs/kurorekishi/index.php:213
Stack trace:
#0 {main}
  thrown in /Applications/MAMP/htdocs/kurorekishi/index.php on line 213
[26-Nov-2019 18:20:15 Asia/Tokyo] PHP Fatal error:  Uncaught Error: Call to a member function getName() on array in /Applications/MAMP/htdocs/kurorekishi/index.php:213
Stack trace:
#0 {main}
  thrown in /Applications/MAMP/htdocs/kurorekishi/index.php on line 213
[26-Nov-2019 18:21:39 Asia/Tokyo] PHP Fatal error:  Uncaught Error: Call to a member function getName() on array in /Applications/MAMP/htdocs/kurorekishi/index.php:213
Stack trace:
#0 {main}
  thrown in /Applications/MAMP/htdocs/kurorekishi/index.php on line 213
[26-Nov-2019 18:23:34 Asia/Tokyo] PHP Fatal error:  Uncaught Error: Call to a member function getName() on array in /Applications/MAMP/htdocs/kurorekishi/index.php:213
Stack trace:
#0 {main}
  thrown in /Applications/MAMP/htdocs/kurorekishi/index.php on line 213
[26-Nov-2019 18:23:36 Asia/Tokyo] PHP Fatal error:  Uncaught Error: Call to a member function getName() on array in /Applications/MAMP/htdocs/kurorekishi/index.php:213
Stack trace:
#0 {main}
  thrown in /Applications/MAMP/htdocs/kurorekishi/index.php on line 213
[26-Nov-2019 18:24:28 Asia/Tokyo] PHP Fatal error:  Uncaught Error: Call to a member function getName() on array in /Applications/MAMP/htdocs/kurorekishi/index.php:213
Stack trace:
#0 {main}
  thrown in /Applications/MAMP/htdocs/kurorekishi/index.php on line 213
[26-Nov-2019 18:24:50 Asia/Tokyo] POSTされた！
[26-Nov-2019 18:24:53 Asia/Tokyo] POSTされた！
[26-Nov-2019 18:24:55 Asia/Tokyo] POSTされた！
[26-Nov-2019 18:24:56 Asia/Tokyo] POSTされた！
[26-Nov-2019 18:24:57 Asia/Tokyo] POSTされた！
[26-Nov-2019 18:24:58 Asia/Tokyo] POSTされた！
[26-Nov-2019 18:24:58 Asia/Tokyo] POSTされた！
[26-Nov-2019 18:24:59 Asia/Tokyo] POSTされた！
[26-Nov-2019 18:25:00 Asia/Tokyo] POSTされた！
[26-Nov-2019 18:25:01 Asia/Tokyo] POSTされた！
[26-Nov-2019 18:25:02 Asia/Tokyo] POSTされた！
[26-Nov-2019 18:25:02 Asia/Tokyo] POSTされた！
[26-Nov-2019 18:25:03 Asia/Tokyo] POSTされた！
[26-Nov-2019 18:25:04 Asia/Tokyo] POSTされた！
[26-Nov-2019 18:25:06 Asia/Tokyo] POSTされた！
[26-Nov-2019 18:25:07 Asia/Tokyo] POSTされた！
[26-Nov-2019 18:25:07 Asia/Tokyo] POSTされた！
[26-Nov-2019 18:25:09 Asia/Tokyo] POSTされた！
[26-Nov-2019 18:25:12 Asia/Tokyo] POSTされた！
[26-Nov-2019 20:33:23 Asia/Tokyo] POSTされた！
[26-Nov-2019 20:33:23 Asia/Tokyo] PHP Notice:  Undefined index: history in /Applications/MAMP/htdocs/kurorekishi/index.php on line 112
[26-Nov-2019 20:33:23 Asia/Tokyo] PHP Notice:  Undefined index: rekishi in /Applications/MAMP/htdocs/kurorekishi/index.php on line 116
[26-Nov-2019 20:33:23 Asia/Tokyo] PHP Fatal error:  Uncaught Error: Call to a member function setHp() on null in /Applications/MAMP/htdocs/kurorekishi/index.php:116
Stack trace:
#0 {main}
  thrown in /Applications/MAMP/htdocs/kurorekishi/index.php on line 116
[26-Nov-2019 20:33:27 Asia/Tokyo] POSTされた！
[26-Nov-2019 20:33:27 Asia/Tokyo] PHP Notice:  Undefined index: rekishi in /Applications/MAMP/htdocs/kurorekishi/index.php on line 116
[26-Nov-2019 20:33:27 Asia/Tokyo] PHP Fatal error:  Uncaught Error: Call to a member function setHp() on null in /Applications/MAMP/htdocs/kurorekishi/index.php:116
Stack trace:
#0 {main}
  thrown in /Applications/MAMP/htdocs/kurorekishi/index.php on line 116
[26-Nov-2019 20:33:28 Asia/Tokyo] POSTされた！
[26-Nov-2019 20:33:28 Asia/Tokyo] PHP Notice:  Undefined index: rekishi in /Applications/MAMP/htdocs/kurorekishi/index.php on line 116
[26-Nov-2019 20:33:28 Asia/Tokyo] PHP Fatal error:  Uncaught Error: Call to a member function setHp() on null in /Applications/MAMP/htdocs/kurorekishi/index.php:116
Stack trace:
#0 {main}
  thrown in /Applications/MAMP/htdocs/kurorekishi/index.php on line 116
[26-Nov-2019 20:33:29 Asia/Tokyo] POSTされた！
[26-Nov-2019 20:33:29 Asia/Tokyo] PHP Notice:  Undefined index: rekishi in /Applications/MAMP/htdocs/kurorekishi/index.php on line 116
[26-Nov-2019 20:33:29 Asia/Tokyo] PHP Fatal error:  Uncaught Error: Call to a member function setHp() on null in /Applications/MAMP/htdocs/kurorekishi/index.php:116
Stack trace:
#0 {main}
  thrown in /Applications/MAMP/htdocs/kurorekishi/index.php on line 116
[26-Nov-2019 20:36:16 Asia/Tokyo] POSTされた！
[26-Nov-2019 20:36:23 Asia/Tokyo] POSTされた！
[26-Nov-2019 20:36:26 Asia/Tokyo] POSTされた！
[26-Nov-2019 20:36:27 Asia/Tokyo] POSTされた！
[26-Nov-2019 20:36:28 Asia/Tokyo] POSTされた！
[26-Nov-2019 20:36:29 Asia/Tokyo] POSTされた！
[26-Nov-2019 20:36:30 Asia/Tokyo] POSTされた！
[26-Nov-2019 20:36:33 Asia/Tokyo] POSTされた！
[26-Nov-2019 20:36:35 Asia/Tokyo] POSTされた！
[26-Nov-2019 20:36:36 Asia/Tokyo] POSTされた！
[26-Nov-2019 20:36:38 Asia/Tokyo] POSTされた！
[26-Nov-2019 20:36:40 Asia/Tokyo] POSTされた！
[26-Nov-2019 20:36:47 Asia/Tokyo] POSTされた！
[26-Nov-2019 20:36:48 Asia/Tokyo] POSTされた！
[26-Nov-2019 20:36:49 Asia/Tokyo] POSTされた！
[26-Nov-2019 20:36:49 Asia/Tokyo] POSTされた！
[26-Nov-2019 20:36:50 Asia/Tokyo] POSTされた！
[26-Nov-2019 20:36:53 Asia/Tokyo] POSTされた！
[26-Nov-2019 20:36:54 Asia/Tokyo] POSTされた！
[26-Nov-2019 20:36:56 Asia/Tokyo] POSTされた！
[26-Nov-2019 20:36:57 Asia/Tokyo] POSTされた！
[26-Nov-2019 20:36:58 Asia/Tokyo] POSTされた！
[26-Nov-2019 20:37:59 Asia/Tokyo] POSTされた！
[26-Nov-2019 20:37:59 Asia/Tokyo] PHP Notice:  Undefined index: rekishi in /Applications/MAMP/htdocs/kurorekishi/index.php on line 116
[26-Nov-2019 20:37:59 Asia/Tokyo] PHP Fatal error:  Uncaught Error: Call to a member function setHp() on null in /Applications/MAMP/htdocs/kurorekishi/index.php:116
Stack trace:
#0 {main}
  thrown in /Applications/MAMP/htdocs/kurorekishi/index.php on line 116
[26-Nov-2019 22:05:37 Asia/Tokyo] POSTされた！
[26-Nov-2019 22:05:44 Asia/Tokyo] POSTされた！
[26-Nov-2019 22:05:48 Asia/Tokyo] POSTされた！
[26-Nov-2019 22:05:48 Asia/Tokyo] POSTされた！
[26-Nov-2019 22:05:49 Asia/Tokyo] POSTされた！
[26-Nov-2019 22:06:06 Asia/Tokyo] POSTされた！
[26-Nov-2019 22:06:15 Asia/Tokyo] POSTされた！
[26-Nov-2019 22:06:16 Asia/Tokyo] POSTされた！
[26-Nov-2019 22:06:18 Asia/Tokyo] POSTされた！
[26-Nov-2019 22:06:19 Asia/Tokyo] POSTされた！
[26-Nov-2019 22:06:19 Asia/Tokyo] POSTされた！
[26-Nov-2019 22:06:21 Asia/Tokyo] POSTされた！
[26-Nov-2019 22:06:22 Asia/Tokyo] POSTされた！
[26-Nov-2019 22:06:23 Asia/Tokyo] POSTされた！
[26-Nov-2019 22:06:25 Asia/Tokyo] POSTされた！
[26-Nov-2019 22:06:26 Asia/Tokyo] POSTされた！
[26-Nov-2019 22:06:27 Asia/Tokyo] POSTされた！
[26-Nov-2019 22:06:28 Asia/Tokyo] POSTされた！
[26-Nov-2019 22:06:29 Asia/Tokyo] POSTされた！
[26-Nov-2019 22:06:29 Asia/Tokyo] POSTされた！
[26-Nov-2019 22:06:32 Asia/Tokyo] POSTされた！
[26-Nov-2019 22:06:33 Asia/Tokyo] POSTされた！
[26-Nov-2019 22:06:35 Asia/Tokyo] POSTされた！
[26-Nov-2019 22:06:35 Asia/Tokyo] POSTされた！
[26-Nov-2019 22:06:37 Asia/Tokyo] POSTされた！
[26-Nov-2019 22:06:38 Asia/Tokyo] POSTされた！
[26-Nov-2019 22:06:38 Asia/Tokyo] POSTされた！
[26-Nov-2019 22:06:39 Asia/Tokyo] POSTされた！
[26-Nov-2019 22:06:40 Asia/Tokyo] POSTされた！
[26-Nov-2019 22:06:41 Asia/Tokyo] POSTされた！
[26-Nov-2019 22:06:42 Asia/Tokyo] POSTされた！
[26-Nov-2019 22:06:43 Asia/Tokyo] POSTされた！
[26-Nov-2019 22:06:43 Asia/Tokyo] POSTされた！
[26-Nov-2019 22:06:44 Asia/Tokyo] POSTされた！
[26-Nov-2019 22:06:45 Asia/Tokyo] POSTされた！
[28-Nov-2019 14:03:53 Asia/Tokyo] PHP Fatal error:  Uncaught Error: Class 'Monster' not found in /Applications/MAMP/htdocs/kurorekishi/index.php:65
Stack trace:
#0 {main}
  thrown in /Applications/MAMP/htdocs/kurorekishi/index.php on line 65
[28-Nov-2019 14:04:25 Asia/Tokyo] POSTされた！
[28-Nov-2019 14:04:29 Asia/Tokyo] POSTされた！
[28-Nov-2019 14:04:31 Asia/Tokyo] POSTされた！
[28-Nov-2019 14:04:35 Asia/Tokyo] POSTされた！
[28-Nov-2019 14:04:36 Asia/Tokyo] POSTされた！
[28-Nov-2019 14:04:38 Asia/Tokyo] POSTされた！
[28-Nov-2019 14:04:39 Asia/Tokyo] POSTされた！
[28-Nov-2019 14:04:39 Asia/Tokyo] POSTされた！
[28-Nov-2019 14:04:39 Asia/Tokyo] PHP Fatal error:  Uncaught Error: Call to undefined method Rekishi::setAttack() in /Applications/MAMP/htdocs/kurorekishi/index.php:138
Stack trace:
#0 {main}
  thrown in /Applications/MAMP/htdocs/kurorekishi/index.php on line 138
[28-Nov-2019 14:12:03 Asia/Tokyo] POSTされた！
[28-Nov-2019 14:12:06 Asia/Tokyo] POSTされた！
[28-Nov-2019 14:12:10 Asia/Tokyo] POSTされた！
[28-Nov-2019 14:12:20 Asia/Tokyo] POSTされた！
[28-Nov-2019 14:12:22 Asia/Tokyo] POSTされた！
[28-Nov-2019 14:12:23 Asia/Tokyo] POSTされた！
[28-Nov-2019 14:12:23 Asia/Tokyo] POSTされた！
[28-Nov-2019 14:12:24 Asia/Tokyo] POSTされた！
[28-Nov-2019 14:12:27 Asia/Tokyo] POSTされた！
[28-Nov-2019 14:12:29 Asia/Tokyo] POSTされた！
[28-Nov-2019 14:12:31 Asia/Tokyo] POSTされた！
[28-Nov-2019 14:12:32 Asia/Tokyo] POSTされた！
[28-Nov-2019 14:12:34 Asia/Tokyo] POSTされた！
[28-Nov-2019 14:12:35 Asia/Tokyo] POSTされた！
[28-Nov-2019 14:12:36 Asia/Tokyo] POSTされた！
[28-Nov-2019 14:12:36 Asia/Tokyo] POSTされた！
[28-Nov-2019 14:12:37 Asia/Tokyo] POSTされた！
[28-Nov-2019 14:12:38 Asia/Tokyo] POSTされた！
[28-Nov-2019 14:12:38 Asia/Tokyo] POSTされた！
[28-Nov-2019 14:12:38 Asia/Tokyo] PHP Fatal error:  Uncaught Error: Call to undefined method Rekishi::setAttack() in /Applications/MAMP/htdocs/kurorekishi/index.php:138
Stack trace:
#0 {main}
  thrown in /Applications/MAMP/htdocs/kurorekishi/index.php on line 138
[28-Nov-2019 14:40:35 Asia/Tokyo] POSTされた！
[28-Nov-2019 14:40:43 Asia/Tokyo] POSTされた！
[28-Nov-2019 14:40:45 Asia/Tokyo] POSTされた！
[28-Nov-2019 14:40:46 Asia/Tokyo] POSTされた！
[28-Nov-2019 14:40:48 Asia/Tokyo] POSTされた！
[28-Nov-2019 14:40:48 Asia/Tokyo] PHP Fatal error:  Uncaught Error: Call to undefined method Rekishi::setAttack() in /Applications/MAMP/htdocs/kurorekishi/index.php:138
Stack trace:
#0 {main}
  thrown in /Applications/MAMP/htdocs/kurorekishi/index.php on line 138
[28-Nov-2019 18:01:49 Asia/Tokyo] POSTされた！
[28-Nov-2019 18:01:51 Asia/Tokyo] POSTされた！
[28-Nov-2019 18:01:54 Asia/Tokyo] POSTされた！
[28-Nov-2019 18:01:56 Asia/Tokyo] POSTされた！
[28-Nov-2019 18:01:56 Asia/Tokyo] PHP Fatal error:  Uncaught Error: Call to undefined method Rekishi::setAttack() in /Applications/MAMP/htdocs/kurorekishi/index.php:138
Stack trace:
#0 {main}
  thrown in /Applications/MAMP/htdocs/kurorekishi/index.php on line 138
[28-Nov-2019 18:18:42 Asia/Tokyo] POSTされた！
[28-Nov-2019 18:18:44 Asia/Tokyo] POSTされた！
[28-Nov-2019 18:18:45 Asia/Tokyo] POSTされた！
[28-Nov-2019 18:18:45 Asia/Tokyo] POSTされた！
[28-Nov-2019 18:18:46 Asia/Tokyo] POSTされた！
[28-Nov-2019 18:18:46 Asia/Tokyo] POSTされた！
[28-Nov-2019 18:18:46 Asia/Tokyo] POSTされた！
[28-Nov-2019 18:18:48 Asia/Tokyo] POSTされた！
[28-Nov-2019 18:18:49 Asia/Tokyo] POSTされた！
[28-Nov-2019 18:18:49 Asia/Tokyo] POSTされた！
[28-Nov-2019 18:18:50 Asia/Tokyo] POSTされた！
[28-Nov-2019 18:18:50 Asia/Tokyo] POSTされた！
[28-Nov-2019 18:18:50 Asia/Tokyo] POSTされた！
[28-Nov-2019 18:18:50 Asia/Tokyo] POSTされた！
[28-Nov-2019 18:18:51 Asia/Tokyo] POSTされた！
[28-Nov-2019 18:18:51 Asia/Tokyo] POSTされた！
[28-Nov-2019 18:18:51 Asia/Tokyo] POSTされた！
[28-Nov-2019 22:42:59 Asia/Tokyo] POSTされた！
[28-Nov-2019 22:43:01 Asia/Tokyo] POSTされた！
[28-Nov-2019 22:43:01 Asia/Tokyo] POSTされた！
[28-Nov-2019 22:43:01 Asia/Tokyo] POSTされた！
[28-Nov-2019 22:43:01 Asia/Tokyo] POSTされた！
[28-Nov-2019 22:43:02 Asia/Tokyo] POSTされた！
[28-Nov-2019 22:43:03 Asia/Tokyo] POSTされた！
[28-Nov-2019 22:43:04 Asia/Tokyo] POSTされた！
[28-Nov-2019 22:43:04 Asia/Tokyo] POSTされた！
[28-Nov-2019 22:43:05 Asia/Tokyo] POSTされた！
[28-Nov-2019 22:43:06 Asia/Tokyo] POSTされた！
[28-Nov-2019 22:43:07 Asia/Tokyo] POSTされた！
[28-Nov-2019 22:43:07 Asia/Tokyo] POSTされた！
[28-Nov-2019 22:43:08 Asia/Tokyo] POSTされた！
[28-Nov-2019 22:43:08 Asia/Tokyo] POSTされた！
[28-Nov-2019 22:43:09 Asia/Tokyo] POSTされた！
[28-Nov-2019 22:43:09 Asia/Tokyo] POSTされた！
[28-Nov-2019 22:43:10 Asia/Tokyo] POSTされた！
[28-Nov-2019 22:43:11 Asia/Tokyo] POSTされた！
[28-Nov-2019 22:43:11 Asia/Tokyo] POSTされた！
[28-Nov-2019 22:43:13 Asia/Tokyo] POSTされた！
[28-Nov-2019 22:43:14 Asia/Tokyo] POSTされた！
[28-Nov-2019 22:43:14 Asia/Tokyo] POSTされた！
[28-Nov-2019 22:43:14 Asia/Tokyo] POSTされた！
[28-Nov-2019 22:43:15 Asia/Tokyo] POSTされた！
[28-Nov-2019 22:43:15 Asia/Tokyo] POSTされた！
[28-Nov-2019 22:43:16 Asia/Tokyo] POSTされた！
[28-Nov-2019 22:43:17 Asia/Tokyo] POSTされた！
[28-Nov-2019 22:43:17 Asia/Tokyo] POSTされた！
[28-Nov-2019 22:43:18 Asia/Tokyo] POSTされた！
[28-Nov-2019 22:43:18 Asia/Tokyo] POSTされた！
[28-Nov-2019 22:43:19 Asia/Tokyo] POSTされた！
[28-Nov-2019 22:43:20 Asia/Tokyo] POSTされた！
[28-Nov-2019 22:43:21 Asia/Tokyo] POSTされた！
[28-Nov-2019 22:43:21 Asia/Tokyo] POSTされた！
[28-Nov-2019 22:43:21 Asia/Tokyo] POSTされた！
[28-Nov-2019 22:43:22 Asia/Tokyo] POSTされた！
[28-Nov-2019 22:43:22 Asia/Tokyo] POSTされた！
[28-Nov-2019 22:43:22 Asia/Tokyo] POSTされた！
[28-Nov-2019 22:43:23 Asia/Tokyo] POSTされた！
[28-Nov-2019 22:43:23 Asia/Tokyo] POSTされた！
[28-Nov-2019 22:43:23 Asia/Tokyo] POSTされた！
[28-Nov-2019 22:43:24 Asia/Tokyo] POSTされた！
[28-Nov-2019 22:43:25 Asia/Tokyo] POSTされた！
[28-Nov-2019 22:43:27 Asia/Tokyo] POSTされた！
[28-Nov-2019 22:43:30 Asia/Tokyo] POSTされた！
[28-Nov-2019 22:43:46 Asia/Tokyo] POSTされた！
[28-Nov-2019 22:43:47 Asia/Tokyo] POSTされた！
[28-Nov-2019 22:43:48 Asia/Tokyo] POSTされた！
[28-Nov-2019 23:25:20 Asia/Tokyo] POSTされた！
[28-Nov-2019 23:25:22 Asia/Tokyo] POSTされた！
[28-Nov-2019 23:25:23 Asia/Tokyo] POSTされた！
[28-Nov-2019 23:25:27 Asia/Tokyo] POSTされた！
[28-Nov-2019 23:25:28 Asia/Tokyo] POSTされた！
[28-Nov-2019 23:25:30 Asia/Tokyo] POSTされた！
[28-Nov-2019 23:25:31 Asia/Tokyo] POSTされた！
[28-Nov-2019 23:25:31 Asia/Tokyo] POSTされた！
[28-Nov-2019 23:25:32 Asia/Tokyo] POSTされた！
[28-Nov-2019 23:25:32 Asia/Tokyo] POSTされた！
[28-Nov-2019 23:25:33 Asia/Tokyo] POSTされた！
[28-Nov-2019 23:25:33 Asia/Tokyo] POSTされた！
[28-Nov-2019 23:25:33 Asia/Tokyo] POSTされた！
